{"C:\\Users\\david\\Documents\\Universidad\\3\\ASW\\radarin\\repo\\radarin_es4b\\mobileapp\\App.js": {"path":"C:\\Users\\david\\Documents\\Universidad\\3\\ASW\\radarin\\repo\\radarin_es4b\\mobileapp\\App.js","statementMap":{"0":{"start":{"line":10,"column":12},"end":{"line":44,"column":1}},"1":{"start":{"line":11,"column":26},"end":{"line":11,"column":36}},"2":{"start":{"line":12,"column":19},"end":{"line":12,"column":32}},"3":{"start":{"line":14,"column":2},"end":{"line":18,"column":9}},"4":{"start":{"line":15,"column":4},"end":{"line":17,"column":7}},"5":{"start":{"line":16,"column":6},"end":{"line":16,"column":30}},"6":{"start":{"line":16,"column":16},"end":{"line":16,"column":30}},"7":{"start":{"line":20,"column":2},"end":{"line":25,"column":13}},"8":{"start":{"line":21,"column":4},"end":{"line":24,"column":35}},"9":{"start":{"line":22,"column":6},"end":{"line":22,"column":32}},"10":{"start":{"line":23,"column":6},"end":{"line":23,"column":40}},"11":{"start":{"line":24,"column":11},"end":{"line":24,"column":35}},"12":{"start":{"line":27,"column":2},"end":{"line":43,"column":4}}},"fnMap":{"0":{"name":"(anonymous_0)","decl":{"start":{"line":10,"column":12},"end":{"line":10,"column":13}},"loc":{"start":{"line":10,"column":18},"end":{"line":44,"column":1}},"line":10},"1":{"name":"(anonymous_1)","decl":{"start":{"line":14,"column":12},"end":{"line":14,"column":13}},"loc":{"start":{"line":14,"column":18},"end":{"line":18,"column":3}},"line":14},"2":{"name":"(anonymous_2)","decl":{"start":{"line":15,"column":27},"end":{"line":15,"column":28}},"loc":{"start":{"line":15,"column":35},"end":{"line":17,"column":5}},"line":15},"3":{"name":"(anonymous_3)","decl":{"start":{"line":20,"column":12},"end":{"line":20,"column":13}},"loc":{"start":{"line":20,"column":18},"end":{"line":25,"column":3}},"line":20}},"branchMap":{"0":{"loc":{"start":{"line":16,"column":6},"end":{"line":16,"column":30}},"type":"if","locations":[{"start":{"line":16,"column":6},"end":{"line":16,"column":30}},{"start":{"line":16,"column":6},"end":{"line":16,"column":30}}],"line":16},"1":{"loc":{"start":{"line":21,"column":4},"end":{"line":24,"column":35}},"type":"if","locations":[{"start":{"line":21,"column":4},"end":{"line":24,"column":35}},{"start":{"line":21,"column":4},"end":{"line":24,"column":35}}],"line":21},"2":{"loc":{"start":{"line":35,"column":9},"end":{"line":39,"column":9}},"type":"binary-expr","locations":[{"start":{"line":35,"column":9},"end":{"line":35,"column":14}},{"start":{"line":36,"column":10},"end":{"line":38,"column":23}}],"line":35},"3":{"loc":{"start":{"line":40,"column":9},"end":{"line":40,"column":79}},"type":"binary-expr","locations":[{"start":{"line":40,"column":9},"end":{"line":40,"column":13}},{"start":{"line":40,"column":17},"end":{"line":40,"column":79}}],"line":40}},"s":{"0":1,"1":1,"2":1,"3":1,"4":1,"5":1,"6":0,"7":1,"8":1,"9":0,"10":0,"11":1,"12":1},"f":{"0":1,"1":1,"2":1,"3":1},"b":{"0":[0,1],"1":[0,1],"2":[1,1],"3":[1,0]},"_coverageSchema":"1a1c01bbd47fc00a2c39e90264f33305004495a9","hash":"f10dc0e907702980f01614ef3b3b135656b106fc"}
,"C:\\Users\\david\\Documents\\Universidad\\3\\ASW\\radarin\\repo\\radarin_es4b\\mobileapp\\src\\friends.js": {"path":"C:\\Users\\david\\Documents\\Universidad\\3\\ASW\\radarin\\repo\\radarin_es4b\\mobileapp\\src\\friends.js","statementMap":{"0":{"start":{"line":8,"column":18},"end":{"line":8,"column":21}},"1":{"start":{"line":9,"column":31},"end":{"line":9,"column":39}},"2":{"start":{"line":10,"column":18},"end":{"line":10,"column":20}},"3":{"start":{"line":13,"column":2},"end":{"line":30,"column":3}},"4":{"start":{"line":14,"column":4},"end":{"line":14,"column":44}},"5":{"start":{"line":15,"column":4},"end":{"line":29,"column":38}},"6":{"start":{"line":21,"column":8},"end":{"line":21,"column":29}},"7":{"start":{"line":22,"column":8},"end":{"line":26,"column":9}},"8":{"start":{"line":23,"column":10},"end":{"line":23,"column":44}},"9":{"start":{"line":25,"column":10},"end":{"line":25,"column":37}},"10":{"start":{"line":27,"column":8},"end":{"line":27,"column":30}},"11":{"start":{"line":29,"column":20},"end":{"line":29,"column":36}},"12":{"start":{"line":34,"column":0},"end":{"line":43,"column":2}},"13":{"start":{"line":35,"column":13},"end":{"line":35,"column":14}},"14":{"start":{"line":36,"column":2},"end":{"line":36,"column":37}},"15":{"start":{"line":36,"column":25},"end":{"line":36,"column":37}},"16":{"start":{"line":37,"column":2},"end":{"line":41,"column":3}},"17":{"start":{"line":37,"column":15},"end":{"line":37,"column":16}},"18":{"start":{"line":38,"column":4},"end":{"line":38,"column":29}},"19":{"start":{"line":39,"column":4},"end":{"line":39,"column":36}},"20":{"start":{"line":40,"column":4},"end":{"line":40,"column":14}},"21":{"start":{"line":42,"column":2},"end":{"line":42,"column":14}},"22":{"start":{"line":46,"column":24},"end":{"line":54,"column":4}},"23":{"start":{"line":47,"column":4},"end":{"line":53,"column":6}},"24":{"start":{"line":50,"column":10},"end":{"line":51,"column":64}},"25":{"start":{"line":55,"column":2},"end":{"line":57,"column":4}},"26":{"start":{"line":56,"column":34},"end":{"line":56,"column":66}},"27":{"start":{"line":58,"column":2},"end":{"line":66,"column":4}},"28":{"start":{"line":59,"column":4},"end":{"line":65,"column":5}},"29":{"start":{"line":70,"column":2},"end":{"line":70,"column":40}},"30":{"start":{"line":71,"column":2},"end":{"line":71,"column":68}},"31":{"start":{"line":75,"column":2},"end":{"line":75,"column":40}},"32":{"start":{"line":79,"column":2},"end":{"line":79,"column":54}},"33":{"start":{"line":87,"column":2},"end":{"line":87,"column":25}}},"fnMap":{"0":{"name":"(anonymous_0)","decl":{"start":{"line":9,"column":31},"end":{"line":9,"column":32}},"loc":{"start":{"line":9,"column":37},"end":{"line":9,"column":39}},"line":9},"1":{"name":"getCurrentFriendsClose","decl":{"start":{"line":12,"column":16},"end":{"line":12,"column":38}},"loc":{"start":{"line":12,"column":41},"end":{"line":31,"column":1}},"line":12},"2":{"name":"(anonymous_2)","decl":{"start":{"line":20,"column":12},"end":{"line":20,"column":13}},"loc":{"start":{"line":20,"column":23},"end":{"line":28,"column":7}},"line":20},"3":{"name":"(anonymous_3)","decl":{"start":{"line":29,"column":13},"end":{"line":29,"column":14}},"loc":{"start":{"line":29,"column":20},"end":{"line":29,"column":36}},"line":29},"4":{"name":"(anonymous_4)","decl":{"start":{"line":34,"column":28},"end":{"line":34,"column":29}},"loc":{"start":{"line":34,"column":40},"end":{"line":43,"column":1}},"line":34},"5":{"name":"showNotifications","decl":{"start":{"line":45,"column":9},"end":{"line":45,"column":26}},"loc":{"start":{"line":45,"column":36},"end":{"line":67,"column":1}},"line":45},"6":{"name":"(anonymous_6)","decl":{"start":{"line":46,"column":39},"end":{"line":46,"column":40}},"loc":{"start":{"line":46,"column":49},"end":{"line":54,"column":3}},"line":46},"7":{"name":"(anonymous_7)","decl":{"start":{"line":49,"column":8},"end":{"line":49,"column":9}},"loc":{"start":{"line":50,"column":10},"end":{"line":51,"column":64}},"line":50},"8":{"name":"(anonymous_8)","decl":{"start":{"line":56,"column":24},"end":{"line":56,"column":25}},"loc":{"start":{"line":56,"column":34},"end":{"line":56,"column":66}},"line":56},"9":{"name":"(anonymous_9)","decl":{"start":{"line":58,"column":26},"end":{"line":58,"column":27}},"loc":{"start":{"line":59,"column":4},"end":{"line":65,"column":5}},"line":59},"10":{"name":"startFriendUpdates","decl":{"start":{"line":69,"column":16},"end":{"line":69,"column":34}},"loc":{"start":{"line":69,"column":37},"end":{"line":72,"column":1}},"line":69},"11":{"name":"stopFriendUpdates","decl":{"start":{"line":74,"column":16},"end":{"line":74,"column":33}},"loc":{"start":{"line":74,"column":36},"end":{"line":76,"column":1}},"line":74},"12":{"name":"setForegroundFriendsHandler","decl":{"start":{"line":78,"column":16},"end":{"line":78,"column":43}},"loc":{"start":{"line":78,"column":70},"end":{"line":80,"column":1}},"line":78},"13":{"name":"setMaxDistance","decl":{"start":{"line":86,"column":16},"end":{"line":86,"column":30}},"loc":{"start":{"line":86,"column":41},"end":{"line":88,"column":1}},"line":86}},"branchMap":{"0":{"loc":{"start":{"line":13,"column":2},"end":{"line":30,"column":3}},"type":"if","locations":[{"start":{"line":13,"column":2},"end":{"line":30,"column":3}},{"start":{"line":13,"column":2},"end":{"line":30,"column":3}}],"line":13},"1":{"loc":{"start":{"line":13,"column":6},"end":{"line":13,"column":65}},"type":"binary-expr","locations":[{"start":{"line":13,"column":6},"end":{"line":13,"column":39}},{"start":{"line":13,"column":43},"end":{"line":13,"column":65}}],"line":13},"2":{"loc":{"start":{"line":22,"column":8},"end":{"line":26,"column":9}},"type":"if","locations":[{"start":{"line":22,"column":8},"end":{"line":26,"column":9}},{"start":{"line":22,"column":8},"end":{"line":26,"column":9}}],"line":22},"3":{"loc":{"start":{"line":36,"column":2},"end":{"line":36,"column":37}},"type":"if","locations":[{"start":{"line":36,"column":2},"end":{"line":36,"column":37}},{"start":{"line":36,"column":2},"end":{"line":36,"column":37}}],"line":36},"4":{"loc":{"start":{"line":50,"column":10},"end":{"line":51,"column":64}},"type":"binary-expr","locations":[{"start":{"line":50,"column":10},"end":{"line":50,"column":39}},{"start":{"line":51,"column":10},"end":{"line":51,"column":64}}],"line":50}},"s":{"0":1,"1":1,"2":1,"3":0,"4":0,"5":0,"6":0,"7":0,"8":0,"9":0,"10":0,"11":0,"12":1,"13":0,"14":0,"15":0,"16":0,"17":0,"18":0,"19":0,"20":0,"21":0,"22":0,"23":0,"24":0,"25":0,"26":0,"27":0,"28":0,"29":2,"30":2,"31":1,"32":2,"33":2},"f":{"0":0,"1":0,"2":0,"3":0,"4":0,"5":0,"6":0,"7":0,"8":0,"9":0,"10":2,"11":1,"12":2,"13":2},"b":{"0":[0,0],"1":[0,0],"2":[0,0],"3":[0,0],"4":[0,0]},"_coverageSchema":"1a1c01bbd47fc00a2c39e90264f33305004495a9","hash":"df0185445941d65af9356eec01a6e75aed303b49"}
,"C:\\Users\\david\\Documents\\Universidad\\3\\ASW\\radarin\\repo\\radarin_es4b\\mobileapp\\src\\i18n.js": {"path":"C:\\Users\\david\\Documents\\Universidad\\3\\ASW\\radarin\\repo\\radarin_es4b\\mobileapp\\src\\i18n.js","statementMap":{"0":{"start":{"line":4,"column":0},"end":{"line":4,"column":22}},"1":{"start":{"line":5,"column":0},"end":{"line":5,"column":33}},"2":{"start":{"line":13,"column":2},"end":{"line":13,"column":21}},"3":{"start":{"line":21,"column":2},"end":{"line":21,"column":43}}},"fnMap":{"0":{"name":"getText","decl":{"start":{"line":12,"column":24},"end":{"line":12,"column":31}},"loc":{"start":{"line":12,"column":37},"end":{"line":14,"column":1}},"line":12},"1":{"name":"getDateTimeString","decl":{"start":{"line":20,"column":16},"end":{"line":20,"column":33}},"loc":{"start":{"line":20,"column":40},"end":{"line":22,"column":1}},"line":20}},"branchMap":{},"s":{"0":1,"1":1,"2":136,"3":0},"f":{"0":136,"1":0},"b":{},"_coverageSchema":"1a1c01bbd47fc00a2c39e90264f33305004495a9","hash":"3ce2e09a5d0d21c8110b77e4b3c3595528f3d1fa"}
,"C:\\Users\\david\\Documents\\Universidad\\3\\ASW\\radarin\\repo\\radarin_es4b\\mobileapp\\src\\location.js": {"path":"C:\\Users\\david\\Documents\\Universidad\\3\\ASW\\radarin\\repo\\radarin_es4b\\mobileapp\\src\\location.js","statementMap":{"0":{"start":{"line":11,"column":27},"end":{"line":11,"column":53}},"1":{"start":{"line":12,"column":33},"end":{"line":12,"column":41}},"2":{"start":{"line":18,"column":2},"end":{"line":26,"column":3}},"3":{"start":{"line":19,"column":4},"end":{"line":25,"column":7}},"4":{"start":{"line":20,"column":6},"end":{"line":24,"column":7}},"5":{"start":{"line":21,"column":8},"end":{"line":21,"column":36}},"6":{"start":{"line":23,"column":8},"end":{"line":23,"column":74}},"7":{"start":{"line":23,"column":50},"end":{"line":23,"column":68}},"8":{"start":{"line":30,"column":14},"end":{"line":30,"column":36}},"9":{"start":{"line":31,"column":2},"end":{"line":31,"column":24}},"10":{"start":{"line":32,"column":2},"end":{"line":32,"column":21}},"11":{"start":{"line":33,"column":2},"end":{"line":40,"column":3}},"12":{"start":{"line":34,"column":4},"end":{"line":34,"column":46}},"13":{"start":{"line":35,"column":4},"end":{"line":35,"column":34}},"14":{"start":{"line":36,"column":4},"end":{"line":36,"column":51}},"15":{"start":{"line":37,"column":4},"end":{"line":39,"column":5}},"16":{"start":{"line":38,"column":6},"end":{"line":38,"column":43}},"17":{"start":{"line":44,"column":2},"end":{"line":44,"column":21}},"18":{"start":{"line":51,"column":2},"end":{"line":64,"column":4}},"19":{"start":{"line":53,"column":6},"end":{"line":62,"column":7}},"20":{"start":{"line":55,"column":10},"end":{"line":59,"column":41}},"21":{"start":{"line":58,"column":30},"end":{"line":58,"column":54}},"22":{"start":{"line":61,"column":14},"end":{"line":61,"column":50}},"23":{"start":{"line":63,"column":11},"end":{"line":63,"column":27}},"24":{"start":{"line":71,"column":2},"end":{"line":71,"column":27}},"25":{"start":{"line":72,"column":2},"end":{"line":83,"column":5}},"26":{"start":{"line":73,"column":4},"end":{"line":82,"column":5}},"27":{"start":{"line":74,"column":6},"end":{"line":81,"column":47}},"28":{"start":{"line":81,"column":20},"end":{"line":81,"column":45}},"29":{"start":{"line":90,"column":2},"end":{"line":96,"column":5}},"30":{"start":{"line":91,"column":4},"end":{"line":95,"column":5}},"31":{"start":{"line":92,"column":6},"end":{"line":94,"column":8}},"32":{"start":{"line":93,"column":8},"end":{"line":93,"column":35}},"33":{"start":{"line":105,"column":2},"end":{"line":109,"column":3}},"34":{"start":{"line":106,"column":4},"end":{"line":106,"column":77}},"35":{"start":{"line":108,"column":4},"end":{"line":108,"column":17}},"36":{"start":{"line":118,"column":2},"end":{"line":120,"column":5}},"37":{"start":{"line":119,"column":4},"end":{"line":119,"column":53}},"38":{"start":{"line":129,"column":2},"end":{"line":129,"column":57}}},"fnMap":{"0":{"name":"(anonymous_0)","decl":{"start":{"line":12,"column":33},"end":{"line":12,"column":34}},"loc":{"start":{"line":12,"column":39},"end":{"line":12,"column":41}},"line":12},"1":{"name":"defineTaskIfNotDefined","decl":{"start":{"line":17,"column":16},"end":{"line":17,"column":38}},"loc":{"start":{"line":17,"column":41},"end":{"line":27,"column":1}},"line":17},"2":{"name":"(anonymous_2)","decl":{"start":{"line":19,"column":47},"end":{"line":19,"column":48}},"loc":{"start":{"line":19,"column":79},"end":{"line":25,"column":5}},"line":19},"3":{"name":"(anonymous_3)","decl":{"start":{"line":23,"column":38},"end":{"line":23,"column":39}},"loc":{"start":{"line":23,"column":50},"end":{"line":23,"column":68}},"line":23},"4":{"name":"handleLocation","decl":{"start":{"line":29,"column":9},"end":{"line":29,"column":23}},"loc":{"start":{"line":29,"column":34},"end":{"line":41,"column":1}},"line":29},"5":{"name":"locationErrorHandler","decl":{"start":{"line":43,"column":9},"end":{"line":43,"column":29}},"loc":{"start":{"line":43,"column":37},"end":{"line":45,"column":1}},"line":43},"6":{"name":"getCurrentLocation","decl":{"start":{"line":50,"column":16},"end":{"line":50,"column":34}},"loc":{"start":{"line":50,"column":37},"end":{"line":65,"column":1}},"line":50},"7":{"name":"(anonymous_7)","decl":{"start":{"line":52,"column":4},"end":{"line":52,"column":5}},"loc":{"start":{"line":53,"column":6},"end":{"line":62,"column":7}},"line":53},"8":{"name":"(anonymous_8)","decl":{"start":{"line":54,"column":8},"end":{"line":54,"column":9}},"loc":{"start":{"line":54,"column":14},"end":{"line":60,"column":9}},"line":54},"9":{"name":"(anonymous_9)","decl":{"start":{"line":58,"column":18},"end":{"line":58,"column":19}},"loc":{"start":{"line":58,"column":30},"end":{"line":58,"column":54}},"line":58},"10":{"name":"(anonymous_10)","decl":{"start":{"line":61,"column":8},"end":{"line":61,"column":9}},"loc":{"start":{"line":61,"column":14},"end":{"line":61,"column":50}},"line":61},"11":{"name":"(anonymous_11)","decl":{"start":{"line":63,"column":4},"end":{"line":63,"column":5}},"loc":{"start":{"line":63,"column":11},"end":{"line":63,"column":27}},"line":63},"12":{"name":"subscribe","decl":{"start":{"line":70,"column":16},"end":{"line":70,"column":25}},"loc":{"start":{"line":70,"column":28},"end":{"line":84,"column":1}},"line":70},"13":{"name":"(anonymous_13)","decl":{"start":{"line":72,"column":67},"end":{"line":72,"column":68}},"loc":{"start":{"line":72,"column":78},"end":{"line":83,"column":3}},"line":72},"14":{"name":"(anonymous_14)","decl":{"start":{"line":81,"column":14},"end":{"line":81,"column":15}},"loc":{"start":{"line":81,"column":20},"end":{"line":81,"column":45}},"line":81},"15":{"name":"unsubscribe","decl":{"start":{"line":89,"column":16},"end":{"line":89,"column":27}},"loc":{"start":{"line":89,"column":30},"end":{"line":97,"column":1}},"line":89},"16":{"name":"(anonymous_16)","decl":{"start":{"line":90,"column":67},"end":{"line":90,"column":68}},"loc":{"start":{"line":90,"column":78},"end":{"line":96,"column":3}},"line":90},"17":{"name":"(anonymous_17)","decl":{"start":{"line":92,"column":65},"end":{"line":92,"column":66}},"loc":{"start":{"line":93,"column":8},"end":{"line":93,"column":35}},"line":93},"18":{"name":"isSubscribed","decl":{"start":{"line":104,"column":22},"end":{"line":104,"column":34}},"loc":{"start":{"line":104,"column":37},"end":{"line":110,"column":1}},"line":104},"19":{"name":"checkLocationEnabled","decl":{"start":{"line":117,"column":16},"end":{"line":117,"column":36}},"loc":{"start":{"line":117,"column":72},"end":{"line":121,"column":1}},"line":117},"20":{"name":"(anonymous_20)","decl":{"start":{"line":118,"column":42},"end":{"line":118,"column":43}},"loc":{"start":{"line":118,"column":53},"end":{"line":120,"column":3}},"line":118},"21":{"name":"setForegroundLocationHandler","decl":{"start":{"line":128,"column":16},"end":{"line":128,"column":44}},"loc":{"start":{"line":128,"column":72},"end":{"line":130,"column":1}},"line":128}},"branchMap":{"0":{"loc":{"start":{"line":18,"column":2},"end":{"line":26,"column":3}},"type":"if","locations":[{"start":{"line":18,"column":2},"end":{"line":26,"column":3}},{"start":{"line":18,"column":2},"end":{"line":26,"column":3}}],"line":18},"1":{"loc":{"start":{"line":20,"column":6},"end":{"line":24,"column":7}},"type":"if","locations":[{"start":{"line":20,"column":6},"end":{"line":24,"column":7}},{"start":{"line":20,"column":6},"end":{"line":24,"column":7}}],"line":20},"2":{"loc":{"start":{"line":33,"column":2},"end":{"line":40,"column":3}},"type":"if","locations":[{"start":{"line":33,"column":2},"end":{"line":40,"column":3}},{"start":{"line":33,"column":2},"end":{"line":40,"column":3}}],"line":33},"3":{"loc":{"start":{"line":37,"column":4},"end":{"line":39,"column":5}},"type":"if","locations":[{"start":{"line":37,"column":4},"end":{"line":39,"column":5}},{"start":{"line":37,"column":4},"end":{"line":39,"column":5}}],"line":37},"4":{"loc":{"start":{"line":73,"column":4},"end":{"line":82,"column":5}},"type":"if","locations":[{"start":{"line":73,"column":4},"end":{"line":82,"column":5}},{"start":{"line":73,"column":4},"end":{"line":82,"column":5}}],"line":73},"5":{"loc":{"start":{"line":91,"column":4},"end":{"line":95,"column":5}},"type":"if","locations":[{"start":{"line":91,"column":4},"end":{"line":95,"column":5}},{"start":{"line":91,"column":4},"end":{"line":95,"column":5}}],"line":91},"6":{"loc":{"start":{"line":119,"column":4},"end":{"line":119,"column":52}},"type":"cond-expr","locations":[{"start":{"line":119,"column":14},"end":{"line":119,"column":31}},{"start":{"line":119,"column":34},"end":{"line":119,"column":52}}],"line":119}},"s":{"0":1,"1":1,"2":2,"3":1,"4":0,"5":0,"6":0,"7":0,"8":0,"9":0,"10":0,"11":0,"12":0,"13":0,"14":0,"15":0,"16":0,"17":0,"18":0,"19":0,"20":0,"21":0,"22":0,"23":0,"24":0,"25":0,"26":0,"27":0,"28":0,"29":1,"30":1,"31":0,"32":0,"33":2,"34":2,"35":0,"36":0,"37":0,"38":2},"f":{"0":0,"1":2,"2":0,"3":0,"4":0,"5":0,"6":0,"7":0,"8":0,"9":0,"10":0,"11":0,"12":0,"13":0,"14":0,"15":1,"16":1,"17":0,"18":2,"19":0,"20":0,"21":2},"b":{"0":[1,1],"1":[0,0],"2":[0,0],"3":[0,0],"4":[0,0],"5":[0,1],"6":[0,0]},"_coverageSchema":"1a1c01bbd47fc00a2c39e90264f33305004495a9","hash":"161aa194e976121a5c1fb26f0cb0036bb94526b2"}
,"C:\\Users\\david\\Documents\\Universidad\\3\\ASW\\radarin\\repo\\radarin_es4b\\mobileapp\\src\\notifications.js": {"path":"C:\\Users\\david\\Documents\\Universidad\\3\\ASW\\radarin\\repo\\radarin_es4b\\mobileapp\\src\\notifications.js","statementMap":{"0":{"start":{"line":6,"column":28},"end":{"line":6,"column":46}},"1":{"start":{"line":8,"column":0},"end":{"line":28,"column":3}},"2":{"start":{"line":11,"column":4},"end":{"line":11,"column":47}},"3":{"start":{"line":16,"column":4},"end":{"line":16,"column":64}},"4":{"start":{"line":21,"column":4},"end":{"line":21,"column":48}},"5":{"start":{"line":22,"column":4},"end":{"line":22,"column":47}},"6":{"start":{"line":30,"column":0},"end":{"line":42,"column":3}},"7":{"start":{"line":31,"column":2},"end":{"line":41,"column":61}},"8":{"start":{"line":32,"column":4},"end":{"line":40,"column":6}},"9":{"start":{"line":38,"column":8},"end":{"line":38,"column":65}},"10":{"start":{"line":38,"column":21},"end":{"line":38,"column":65}},"11":{"start":{"line":41,"column":9},"end":{"line":41,"column":61}},"12":{"start":{"line":50,"column":2},"end":{"line":56,"column":5}},"13":{"start":{"line":64,"column":2},"end":{"line":64,"column":53}}},"fnMap":{"0":{"name":"(anonymous_0)","decl":{"start":{"line":10,"column":18},"end":{"line":10,"column":19}},"loc":{"start":{"line":10,"column":42},"end":{"line":17,"column":3}},"line":10},"1":{"name":"(anonymous_1)","decl":{"start":{"line":20,"column":12},"end":{"line":20,"column":13}},"loc":{"start":{"line":20,"column":36},"end":{"line":25,"column":3}},"line":20},"2":{"name":"(anonymous_2)","decl":{"start":{"line":30,"column":52},"end":{"line":30,"column":53}},"loc":{"start":{"line":30,"column":62},"end":{"line":42,"column":1}},"line":30},"3":{"name":"(anonymous_3)","decl":{"start":{"line":37,"column":6},"end":{"line":37,"column":7}},"loc":{"start":{"line":37,"column":17},"end":{"line":39,"column":7}},"line":37},"4":{"name":"postNotification","decl":{"start":{"line":49,"column":16},"end":{"line":49,"column":32}},"loc":{"start":{"line":49,"column":46},"end":{"line":57,"column":1}},"line":49},"5":{"name":"clearNotfications","decl":{"start":{"line":63,"column":16},"end":{"line":63,"column":33}},"loc":{"start":{"line":63,"column":39},"end":{"line":65,"column":1}},"line":63}},"branchMap":{"0":{"loc":{"start":{"line":31,"column":2},"end":{"line":41,"column":61}},"type":"if","locations":[{"start":{"line":31,"column":2},"end":{"line":41,"column":61}},{"start":{"line":31,"column":2},"end":{"line":41,"column":61}}],"line":31},"1":{"loc":{"start":{"line":38,"column":8},"end":{"line":38,"column":65}},"type":"if","locations":[{"start":{"line":38,"column":8},"end":{"line":38,"column":65}},{"start":{"line":38,"column":8},"end":{"line":38,"column":65}}],"line":38}},"s":{"0":1,"1":1,"2":0,"3":0,"4":0,"5":0,"6":1,"7":0,"8":0,"9":0,"10":0,"11":0,"12":0,"13":0},"f":{"0":0,"1":0,"2":0,"3":0,"4":0,"5":0},"b":{"0":[0,0],"1":[0,0]},"_coverageSchema":"1a1c01bbd47fc00a2c39e90264f33305004495a9","hash":"6888af4bbb8511f0a045777373294f87d6533843"}
,"C:\\Users\\david\\Documents\\Universidad\\3\\ASW\\radarin\\repo\\radarin_es4b\\mobileapp\\src\\permissions.js": {"path":"C:\\Users\\david\\Documents\\Universidad\\3\\ASW\\radarin\\repo\\radarin_es4b\\mobileapp\\src\\permissions.js","statementMap":{"0":{"start":{"line":10,"column":2},"end":{"line":17,"column":48}},"1":{"start":{"line":29,"column":2},"end":{"line":51,"column":42}},"2":{"start":{"line":31,"column":32},"end":{"line":34,"column":7}},"3":{"start":{"line":35,"column":33},"end":{"line":38,"column":7}},"4":{"start":{"line":39,"column":6},"end":{"line":49,"column":7}},"5":{"start":{"line":40,"column":8},"end":{"line":46,"column":11}},"6":{"start":{"line":41,"column":10},"end":{"line":45,"column":30}},"7":{"start":{"line":45,"column":12},"end":{"line":45,"column":30}},"8":{"start":{"line":47,"column":13},"end":{"line":49,"column":7}},"9":{"start":{"line":48,"column":8},"end":{"line":48,"column":26}},"10":{"start":{"line":51,"column":20},"end":{"line":51,"column":40}},"11":{"start":{"line":57,"column":31},"end":{"line":64,"column":1}},"12":{"start":{"line":58,"column":30},"end":{"line":58,"column":32}},"13":{"start":{"line":59,"column":2},"end":{"line":62,"column":3}},"14":{"start":{"line":60,"column":4},"end":{"line":61,"column":43}},"15":{"start":{"line":61,"column":6},"end":{"line":61,"column":43}},"16":{"start":{"line":63,"column":2},"end":{"line":63,"column":29}}},"fnMap":{"0":{"name":"checkAndRequestPermissions","decl":{"start":{"line":25,"column":22},"end":{"line":25,"column":48}},"loc":{"start":{"line":28,"column":2},"end":{"line":52,"column":1}},"line":28},"1":{"name":"(anonymous_1)","decl":{"start":{"line":30,"column":10},"end":{"line":30,"column":11}},"loc":{"start":{"line":30,"column":26},"end":{"line":50,"column":5}},"line":30},"2":{"name":"(anonymous_2)","decl":{"start":{"line":40,"column":48},"end":{"line":40,"column":49}},"loc":{"start":{"line":40,"column":66},"end":{"line":46,"column":9}},"line":40},"3":{"name":"(anonymous_3)","decl":{"start":{"line":51,"column":11},"end":{"line":51,"column":12}},"loc":{"start":{"line":51,"column":20},"end":{"line":51,"column":40}},"line":51},"4":{"name":"(anonymous_4)","decl":{"start":{"line":57,"column":31},"end":{"line":57,"column":32}},"loc":{"start":{"line":57,"column":64},"end":{"line":64,"column":1}},"line":57}},"branchMap":{"0":{"loc":{"start":{"line":10,"column":2},"end":{"line":17,"column":48}},"type":"cond-expr","locations":[{"start":{"line":11,"column":6},"end":{"line":11,"column":39}},{"start":{"line":12,"column":6},"end":{"line":17,"column":48}}],"line":10},"1":{"loc":{"start":{"line":12,"column":6},"end":{"line":17,"column":48}},"type":"cond-expr","locations":[{"start":{"line":13,"column":6},"end":{"line":16,"column":7}},{"start":{"line":17,"column":6},"end":{"line":17,"column":48}}],"line":12},"2":{"loc":{"start":{"line":39,"column":6},"end":{"line":49,"column":7}},"type":"if","locations":[{"start":{"line":39,"column":6},"end":{"line":49,"column":7}},{"start":{"line":39,"column":6},"end":{"line":49,"column":7}}],"line":39},"3":{"loc":{"start":{"line":41,"column":10},"end":{"line":45,"column":30}},"type":"if","locations":[{"start":{"line":41,"column":10},"end":{"line":45,"column":30}},{"start":{"line":41,"column":10},"end":{"line":45,"column":30}}],"line":41},"4":{"loc":{"start":{"line":47,"column":13},"end":{"line":49,"column":7}},"type":"if","locations":[{"start":{"line":47,"column":13},"end":{"line":49,"column":7}},{"start":{"line":47,"column":13},"end":{"line":49,"column":7}}],"line":47},"5":{"loc":{"start":{"line":60,"column":4},"end":{"line":61,"column":43}},"type":"if","locations":[{"start":{"line":60,"column":4},"end":{"line":61,"column":43}},{"start":{"line":60,"column":4},"end":{"line":61,"column":43}}],"line":60}},"s":{"0":1,"1":0,"2":0,"3":0,"4":0,"5":0,"6":0,"7":0,"8":0,"9":0,"10":0,"11":1,"12":0,"13":0,"14":0,"15":0,"16":0},"f":{"0":0,"1":0,"2":0,"3":0,"4":0},"b":{"0":[1,0],"1":[0,0],"2":[0,0],"3":[0,0],"4":[0,0],"5":[0,0]},"_coverageSchema":"1a1c01bbd47fc00a2c39e90264f33305004495a9","hash":"df45983da20ab76f16e728d0117661d41bdc63d1"}
,"C:\\Users\\david\\Documents\\Universidad\\3\\ASW\\radarin\\repo\\radarin_es4b\\mobileapp\\src\\storage.js": {"path":"C:\\Users\\david\\Documents\\Universidad\\3\\ASW\\radarin\\repo\\radarin_es4b\\mobileapp\\src\\storage.js","statementMap":{"0":{"start":{"line":10,"column":2},"end":{"line":15,"column":3}},"1":{"start":{"line":11,"column":4},"end":{"line":12,"column":44}},"2":{"start":{"line":11,"column":15},"end":{"line":11,"column":71}},"3":{"start":{"line":12,"column":9},"end":{"line":12,"column":44}},"4":{"start":{"line":14,"column":4},"end":{"line":14,"column":19}},"5":{"start":{"line":24,"column":2},"end":{"line":29,"column":3}},"6":{"start":{"line":25,"column":22},"end":{"line":25,"column":53}},"7":{"start":{"line":26,"column":4},"end":{"line":26,"column":52}},"8":{"start":{"line":28,"column":4},"end":{"line":28,"column":19}},"9":{"start":{"line":38,"column":4},"end":{"line":42,"column":5}},"10":{"start":{"line":39,"column":6},"end":{"line":39,"column":61}},"11":{"start":{"line":41,"column":6},"end":{"line":41,"column":21}},"12":{"start":{"line":51,"column":4},"end":{"line":55,"column":5}},"13":{"start":{"line":52,"column":6},"end":{"line":52,"column":57}},"14":{"start":{"line":54,"column":6},"end":{"line":54,"column":21}}},"fnMap":{"0":{"name":"storeObject","decl":{"start":{"line":9,"column":22},"end":{"line":9,"column":33}},"loc":{"start":{"line":9,"column":47},"end":{"line":16,"column":1}},"line":9},"1":{"name":"getObject","decl":{"start":{"line":23,"column":22},"end":{"line":23,"column":31}},"loc":{"start":{"line":23,"column":37},"end":{"line":30,"column":1}},"line":23},"2":{"name":"storeValue","decl":{"start":{"line":37,"column":23},"end":{"line":37,"column":33}},"loc":{"start":{"line":37,"column":46},"end":{"line":43,"column":3}},"line":37},"3":{"name":"getValue","decl":{"start":{"line":50,"column":24},"end":{"line":50,"column":32}},"loc":{"start":{"line":50,"column":38},"end":{"line":56,"column":3}},"line":50}},"branchMap":{"0":{"loc":{"start":{"line":11,"column":4},"end":{"line":12,"column":44}},"type":"if","locations":[{"start":{"line":11,"column":4},"end":{"line":12,"column":44}},{"start":{"line":11,"column":4},"end":{"line":12,"column":44}}],"line":11},"1":{"loc":{"start":{"line":26,"column":11},"end":{"line":26,"column":51}},"type":"cond-expr","locations":[{"start":{"line":26,"column":23},"end":{"line":26,"column":44}},{"start":{"line":26,"column":47},"end":{"line":26,"column":51}}],"line":26}},"s":{"0":0,"1":0,"2":0,"3":0,"4":0,"5":5,"6":5,"7":5,"8":0,"9":0,"10":0,"11":0,"12":2,"13":2,"14":0},"f":{"0":0,"1":5,"2":0,"3":2},"b":{"0":[0,0],"1":[0,5]},"_coverageSchema":"1a1c01bbd47fc00a2c39e90264f33305004495a9","hash":"45285c84b4f8038ad48337c3edf0471953abc7e0"}
,"C:\\Users\\david\\Documents\\Universidad\\3\\ASW\\radarin\\repo\\radarin_es4b\\mobileapp\\src\\user.js": {"path":"C:\\Users\\david\\Documents\\Universidad\\3\\ASW\\radarin\\repo\\radarin_es4b\\mobileapp\\src\\user.js","statementMap":{"0":{"start":{"line":1,"column":12},"end":{"line":1,"column":16}},"1":{"start":{"line":2,"column":19},"end":{"line":2,"column":23}},"2":{"start":{"line":8,"column":4},"end":{"line":8,"column":17}},"3":{"start":{"line":17,"column":4},"end":{"line":17,"column":21}},"4":{"start":{"line":24,"column":4},"end":{"line":24,"column":24}},"5":{"start":{"line":33,"column":4},"end":{"line":33,"column":28}}},"fnMap":{"0":{"name":"getWebId","decl":{"start":{"line":7,"column":16},"end":{"line":7,"column":24}},"loc":{"start":{"line":7,"column":27},"end":{"line":9,"column":1}},"line":7},"1":{"name":"setWebId","decl":{"start":{"line":16,"column":16},"end":{"line":16,"column":24}},"loc":{"start":{"line":16,"column":35},"end":{"line":18,"column":1}},"line":16},"2":{"name":"getLastUserLocation","decl":{"start":{"line":23,"column":16},"end":{"line":23,"column":35}},"loc":{"start":{"line":23,"column":38},"end":{"line":25,"column":1}},"line":23},"3":{"name":"setLastUserLocation","decl":{"start":{"line":32,"column":16},"end":{"line":32,"column":35}},"loc":{"start":{"line":32,"column":46},"end":{"line":34,"column":1}},"line":32}},"branchMap":{},"s":{"0":1,"1":1,"2":0,"3":0,"4":0,"5":0},"f":{"0":0,"1":0,"2":0,"3":0},"b":{},"_coverageSchema":"1a1c01bbd47fc00a2c39e90264f33305004495a9","hash":"c6e2c3adea3804a83f7e8c5a07a1e6f488eaec3c"}
,"C:\\Users\\david\\Documents\\Universidad\\3\\ASW\\radarin\\repo\\radarin_es4b\\mobileapp\\src\\api\\api.js": {"path":"C:\\Users\\david\\Documents\\Universidad\\3\\ASW\\radarin\\repo\\radarin_es4b\\mobileapp\\src\\api\\api.js","statementMap":{"0":{"start":{"line":1,"column":20},"end":{"line":1,"column":66}},"1":{"start":{"line":9,"column":2},"end":{"line":9,"column":27}},"2":{"start":{"line":10,"column":2},"end":{"line":22,"column":40}},"3":{"start":{"line":21,"column":22},"end":{"line":21,"column":70}},"4":{"start":{"line":22,"column":20},"end":{"line":22,"column":38}},"5":{"start":{"line":41,"column":2},"end":{"line":41,"column":27}},"6":{"start":{"line":42,"column":17},"end":{"line":51,"column":4}},"7":{"start":{"line":52,"column":2},"end":{"line":52,"column":51}},"8":{"start":{"line":53,"column":2},"end":{"line":53,"column":31}},"9":{"start":{"line":70,"column":2},"end":{"line":70,"column":27}},"10":{"start":{"line":71,"column":2},"end":{"line":81,"column":3}},"11":{"start":{"line":72,"column":19},"end":{"line":76,"column":6}},"12":{"start":{"line":77,"column":4},"end":{"line":77,"column":46}},"13":{"start":{"line":78,"column":4},"end":{"line":78,"column":67}},"14":{"start":{"line":80,"column":4},"end":{"line":80,"column":21}}},"fnMap":{"0":{"name":"sendLocation","decl":{"start":{"line":8,"column":22},"end":{"line":8,"column":34}},"loc":{"start":{"line":8,"column":50},"end":{"line":23,"column":1}},"line":8},"1":{"name":"(anonymous_1)","decl":{"start":{"line":21,"column":10},"end":{"line":21,"column":11}},"loc":{"start":{"line":21,"column":22},"end":{"line":21,"column":70}},"line":21},"2":{"name":"(anonymous_2)","decl":{"start":{"line":22,"column":11},"end":{"line":22,"column":12}},"loc":{"start":{"line":22,"column":20},"end":{"line":22,"column":38}},"line":22},"3":{"name":"getFriendsClose","decl":{"start":{"line":40,"column":22},"end":{"line":40,"column":37}},"loc":{"start":{"line":40,"column":66},"end":{"line":54,"column":1}},"line":40},"4":{"name":"authenticate","decl":{"start":{"line":69,"column":22},"end":{"line":69,"column":34}},"loc":{"start":{"line":69,"column":48},"end":{"line":82,"column":1}},"line":69}},"branchMap":{"0":{"loc":{"start":{"line":78,"column":11},"end":{"line":78,"column":66}},"type":"cond-expr","locations":[{"start":{"line":78,"column":37},"end":{"line":78,"column":58}},{"start":{"line":78,"column":61},"end":{"line":78,"column":66}}],"line":78}},"s":{"0":1,"1":0,"2":0,"3":0,"4":0,"5":0,"6":0,"7":0,"8":0,"9":2,"10":2,"11":2,"12":2,"13":2,"14":0},"f":{"0":0,"1":0,"2":0,"3":0,"4":2},"b":{"0":[1,1]},"_coverageSchema":"1a1c01bbd47fc00a2c39e90264f33305004495a9","hash":"85950c3ecf97cb2d2a18e76e51b8909cfc846025"}
,"C:\\Users\\david\\Documents\\Universidad\\3\\ASW\\radarin\\repo\\radarin_es4b\\mobileapp\\src\\components\\CustomButton.js": {"path":"C:\\Users\\david\\Documents\\Universidad\\3\\ASW\\radarin\\repo\\radarin_es4b\\mobileapp\\src\\components\\CustomButton.js","statementMap":{"0":{"start":{"line":4,"column":21},"end":{"line":38,"column":1}},"1":{"start":{"line":10,"column":32},"end":{"line":10,"column":47}},"2":{"start":{"line":11,"column":18},"end":{"line":11,"column":31}},"3":{"start":{"line":13,"column":2},"end":{"line":18,"column":9}},"4":{"start":{"line":14,"column":4},"end":{"line":14,"column":27}},"5":{"start":{"line":15,"column":4},"end":{"line":17,"column":6}},"6":{"start":{"line":16,"column":6},"end":{"line":16,"column":30}},"7":{"start":{"line":20,"column":2},"end":{"line":37,"column":4}},"8":{"start":{"line":24,"column":23},"end":{"line":24,"column":39}},"9":{"start":{"line":26,"column":8},"end":{"line":26,"column":39}},"10":{"start":{"line":26,"column":21},"end":{"line":26,"column":39}},"11":{"start":{"line":40,"column":15},"end":{"line":51,"column":2}}},"fnMap":{"0":{"name":"(anonymous_0)","decl":{"start":{"line":4,"column":21},"end":{"line":4,"column":22}},"loc":{"start":{"line":9,"column":6},"end":{"line":38,"column":1}},"line":9},"1":{"name":"(anonymous_1)","decl":{"start":{"line":13,"column":12},"end":{"line":13,"column":13}},"loc":{"start":{"line":13,"column":18},"end":{"line":18,"column":3}},"line":13},"2":{"name":"(anonymous_2)","decl":{"start":{"line":15,"column":11},"end":{"line":15,"column":12}},"loc":{"start":{"line":15,"column":17},"end":{"line":17,"column":5}},"line":15},"3":{"name":"(anonymous_3)","decl":{"start":{"line":24,"column":17},"end":{"line":24,"column":18}},"loc":{"start":{"line":24,"column":23},"end":{"line":24,"column":39}},"line":24},"4":{"name":"(anonymous_4)","decl":{"start":{"line":25,"column":18},"end":{"line":25,"column":19}},"loc":{"start":{"line":25,"column":24},"end":{"line":27,"column":7}},"line":25}},"branchMap":{"0":{"loc":{"start":{"line":26,"column":8},"end":{"line":26,"column":39}},"type":"if","locations":[{"start":{"line":26,"column":8},"end":{"line":26,"column":39}},{"start":{"line":26,"column":8},"end":{"line":26,"column":39}}],"line":26},"1":{"loc":{"start":{"line":32,"column":27},"end":{"line":32,"column":58}},"type":"cond-expr","locations":[{"start":{"line":32,"column":37},"end":{"line":32,"column":46}},{"start":{"line":32,"column":49},"end":{"line":32,"column":58}}],"line":32}},"s":{"0":1,"1":2,"2":2,"3":2,"4":2,"5":2,"6":0,"7":2,"8":0,"9":0,"10":0,"11":1},"f":{"0":2,"1":2,"2":0,"3":0,"4":0},"b":{"0":[0,0],"1":[0,2]},"_coverageSchema":"1a1c01bbd47fc00a2c39e90264f33305004495a9","hash":"dfb2e807acf2f0b366fdac4beec1bde46ee33b0c"}
,"C:\\Users\\david\\Documents\\Universidad\\3\\ASW\\radarin\\repo\\radarin_es4b\\mobileapp\\src\\components\\CustomLoadingButton.js": {"path":"C:\\Users\\david\\Documents\\Universidad\\3\\ASW\\radarin\\repo\\radarin_es4b\\mobileapp\\src\\components\\CustomLoadingButton.js","statementMap":{"0":{"start":{"line":5,"column":28},"end":{"line":44,"column":1}},"1":{"start":{"line":11,"column":32},"end":{"line":11,"column":47}},"2":{"start":{"line":12,"column":34},"end":{"line":12,"column":49}},"3":{"start":{"line":14,"column":2},"end":{"line":24,"column":26}},"4":{"start":{"line":15,"column":18},"end":{"line":15,"column":22}},"5":{"start":{"line":16,"column":4},"end":{"line":20,"column":5}},"6":{"start":{"line":17,"column":6},"end":{"line":19,"column":9}},"7":{"start":{"line":18,"column":8},"end":{"line":18,"column":39}},"8":{"start":{"line":18,"column":21},"end":{"line":18,"column":39}},"9":{"start":{"line":21,"column":4},"end":{"line":23,"column":6}},"10":{"start":{"line":22,"column":6},"end":{"line":22,"column":22}},"11":{"start":{"line":26,"column":18},"end":{"line":26,"column":40}},"12":{"start":{"line":26,"column":24},"end":{"line":26,"column":40}},"13":{"start":{"line":28,"column":2},"end":{"line":43,"column":4}},"14":{"start":{"line":32,"column":23},"end":{"line":32,"column":39}},"15":{"start":{"line":33,"column":24},"end":{"line":33,"column":41}},"16":{"start":{"line":46,"column":15},"end":{"line":57,"column":2}}},"fnMap":{"0":{"name":"(anonymous_0)","decl":{"start":{"line":5,"column":28},"end":{"line":5,"column":29}},"loc":{"start":{"line":10,"column":6},"end":{"line":44,"column":1}},"line":10},"1":{"name":"(anonymous_1)","decl":{"start":{"line":14,"column":12},"end":{"line":14,"column":13}},"loc":{"start":{"line":14,"column":18},"end":{"line":24,"column":3}},"line":14},"2":{"name":"(anonymous_2)","decl":{"start":{"line":17,"column":20},"end":{"line":17,"column":21}},"loc":{"start":{"line":17,"column":26},"end":{"line":19,"column":7}},"line":17},"3":{"name":"cleanup","decl":{"start":{"line":21,"column":20},"end":{"line":21,"column":27}},"loc":{"start":{"line":21,"column":30},"end":{"line":23,"column":5}},"line":21},"4":{"name":"(anonymous_4)","decl":{"start":{"line":26,"column":18},"end":{"line":26,"column":19}},"loc":{"start":{"line":26,"column":24},"end":{"line":26,"column":40}},"line":26},"5":{"name":"(anonymous_5)","decl":{"start":{"line":32,"column":17},"end":{"line":32,"column":18}},"loc":{"start":{"line":32,"column":23},"end":{"line":32,"column":39}},"line":32},"6":{"name":"(anonymous_6)","decl":{"start":{"line":33,"column":18},"end":{"line":33,"column":19}},"loc":{"start":{"line":33,"column":24},"end":{"line":33,"column":41}},"line":33}},"branchMap":{"0":{"loc":{"start":{"line":16,"column":4},"end":{"line":20,"column":5}},"type":"if","locations":[{"start":{"line":16,"column":4},"end":{"line":20,"column":5}},{"start":{"line":16,"column":4},"end":{"line":20,"column":5}}],"line":16},"1":{"loc":{"start":{"line":18,"column":8},"end":{"line":18,"column":39}},"type":"if","locations":[{"start":{"line":18,"column":8},"end":{"line":18,"column":39}},{"start":{"line":18,"column":8},"end":{"line":18,"column":39}}],"line":18},"2":{"loc":{"start":{"line":31,"column":15},"end":{"line":31,"column":42}},"type":"cond-expr","locations":[{"start":{"line":31,"column":28},"end":{"line":31,"column":35}},{"start":{"line":31,"column":38},"end":{"line":31,"column":42}}],"line":31},"3":{"loc":{"start":{"line":38,"column":27},"end":{"line":38,"column":80}},"type":"cond-expr","locations":[{"start":{"line":38,"column":38},"end":{"line":38,"column":47}},{"start":{"line":38,"column":49},"end":{"line":38,"column":80}}],"line":38},"4":{"loc":{"start":{"line":38,"column":49},"end":{"line":38,"column":80}},"type":"cond-expr","locations":[{"start":{"line":38,"column":59},"end":{"line":38,"column":68}},{"start":{"line":38,"column":71},"end":{"line":38,"column":80}}],"line":38},"5":{"loc":{"start":{"line":40,"column":9},"end":{"line":40,"column":46}},"type":"cond-expr","locations":[{"start":{"line":40,"column":21},"end":{"line":40,"column":39}},{"start":{"line":40,"column":42},"end":{"line":40,"column":46}}],"line":40}},"s":{"0":1,"1":12,"2":12,"3":12,"4":12,"5":12,"6":2,"7":1,"8":1,"9":12,"10":11,"11":12,"12":2,"13":12,"14":0,"15":0,"16":1},"f":{"0":12,"1":12,"2":1,"3":11,"4":2,"5":0,"6":0},"b":{"0":[2,10],"1":[1,0],"2":[10,2],"3":[2,10],"4":[0,10],"5":[2,10]},"_coverageSchema":"1a1c01bbd47fc00a2c39e90264f33305004495a9","hash":"5ea5585bda6aba28230d19b45b518b990ec0cee6"}
,"C:\\Users\\david\\Documents\\Universidad\\3\\ASW\\radarin\\repo\\radarin_es4b\\mobileapp\\src\\components\\DistanceSlider.js": {"path":"C:\\Users\\david\\Documents\\Universidad\\3\\ASW\\radarin\\repo\\radarin_es4b\\mobileapp\\src\\components\\DistanceSlider.js","statementMap":{"0":{"start":{"line":6,"column":23},"end":{"line":32,"column":1}},"1":{"start":{"line":7,"column":2},"end":{"line":31,"column":4}},"2":{"start":{"line":21,"column":32},"end":{"line":21,"column":53}},"3":{"start":{"line":34,"column":15},"end":{"line":65,"column":2}}},"fnMap":{"0":{"name":"(anonymous_0)","decl":{"start":{"line":6,"column":23},"end":{"line":6,"column":24}},"loc":{"start":{"line":6,"column":55},"end":{"line":32,"column":1}},"line":6},"1":{"name":"(anonymous_1)","decl":{"start":{"line":21,"column":23},"end":{"line":21,"column":24}},"loc":{"start":{"line":21,"column":32},"end":{"line":21,"column":53}},"line":21}},"branchMap":{},"s":{"0":1,"1":2,"2":0,"3":1},"f":{"0":2,"1":0},"b":{},"_coverageSchema":"1a1c01bbd47fc00a2c39e90264f33305004495a9","hash":"8761337dc7e4e6c46a2e770907228b9e5488a179"}
,"C:\\Users\\david\\Documents\\Universidad\\3\\ASW\\radarin\\repo\\radarin_es4b\\mobileapp\\src\\components\\Header.js": {"path":"C:\\Users\\david\\Documents\\Universidad\\3\\ASW\\radarin\\repo\\radarin_es4b\\mobileapp\\src\\components\\Header.js","statementMap":{"0":{"start":{"line":4,"column":15},"end":{"line":15,"column":1}},"1":{"start":{"line":5,"column":2},"end":{"line":14,"column":9}}},"fnMap":{"0":{"name":"(anonymous_0)","decl":{"start":{"line":4,"column":15},"end":{"line":4,"column":16}},"loc":{"start":{"line":5,"column":2},"end":{"line":14,"column":9}},"line":5}},"branchMap":{},"s":{"0":1,"1":0},"f":{"0":0},"b":{},"_coverageSchema":"1a1c01bbd47fc00a2c39e90264f33305004495a9","hash":"026be95173d6fc6212c0e8f13a72c2a5e1b2e6d1"}
,"C:\\Users\\david\\Documents\\Universidad\\3\\ASW\\radarin\\repo\\radarin_es4b\\mobileapp\\src\\components\\LocationSwitch.js": {"path":"C:\\Users\\david\\Documents\\Universidad\\3\\ASW\\radarin\\repo\\radarin_es4b\\mobileapp\\src\\components\\LocationSwitch.js","statementMap":{"0":{"start":{"line":16,"column":23},"end":{"line":73,"column":1}},"1":{"start":{"line":17,"column":32},"end":{"line":17,"column":47}},"2":{"start":{"line":18,"column":23},"end":{"line":31,"column":3}},"3":{"start":{"line":19,"column":4},"end":{"line":30,"column":29}},"4":{"start":{"line":20,"column":6},"end":{"line":29,"column":8}},"5":{"start":{"line":22,"column":10},"end":{"line":27,"column":11}},"6":{"start":{"line":24,"column":14},"end":{"line":24,"column":31}},"7":{"start":{"line":26,"column":18},"end":{"line":26,"column":54}},"8":{"start":{"line":28,"column":15},"end":{"line":28,"column":31}},"9":{"start":{"line":30,"column":11},"end":{"line":30,"column":29}},"10":{"start":{"line":33,"column":19},"end":{"line":33,"column":32}},"11":{"start":{"line":35,"column":2},"end":{"line":47,"column":9}},"12":{"start":{"line":36,"column":18},"end":{"line":36,"column":22}},"13":{"start":{"line":37,"column":4},"end":{"line":37,"column":29}},"14":{"start":{"line":38,"column":4},"end":{"line":43,"column":7}},"15":{"start":{"line":39,"column":6},"end":{"line":42,"column":7}},"16":{"start":{"line":40,"column":8},"end":{"line":40,"column":22}},"17":{"start":{"line":41,"column":8},"end":{"line":41,"column":23}},"18":{"start":{"line":44,"column":4},"end":{"line":46,"column":6}},"19":{"start":{"line":45,"column":6},"end":{"line":45,"column":22}},"20":{"start":{"line":49,"column":2},"end":{"line":59,"column":16}},"21":{"start":{"line":50,"column":4},"end":{"line":58,"column":33}},"22":{"start":{"line":51,"column":6},"end":{"line":57,"column":27}},"23":{"start":{"line":54,"column":8},"end":{"line":54,"column":29}},"24":{"start":{"line":56,"column":8},"end":{"line":56,"column":44}},"25":{"start":{"line":56,"column":25},"end":{"line":56,"column":36}},"26":{"start":{"line":57,"column":13},"end":{"line":57,"column":27}},"27":{"start":{"line":58,"column":9},"end":{"line":58,"column":33}},"28":{"start":{"line":61,"column":2},"end":{"line":72,"column":4}},"29":{"start":{"line":75,"column":15},"end":{"line":86,"column":2}}},"fnMap":{"0":{"name":"(anonymous_0)","decl":{"start":{"line":16,"column":23},"end":{"line":16,"column":24}},"loc":{"start":{"line":16,"column":29},"end":{"line":73,"column":1}},"line":16},"1":{"name":"(anonymous_1)","decl":{"start":{"line":18,"column":23},"end":{"line":18,"column":24}},"loc":{"start":{"line":18,"column":29},"end":{"line":31,"column":3}},"line":18},"2":{"name":"(anonymous_2)","decl":{"start":{"line":21,"column":8},"end":{"line":21,"column":9}},"loc":{"start":{"line":22,"column":10},"end":{"line":27,"column":11}},"line":22},"3":{"name":"(anonymous_3)","decl":{"start":{"line":23,"column":12},"end":{"line":23,"column":13}},"loc":{"start":{"line":23,"column":18},"end":{"line":25,"column":13}},"line":23},"4":{"name":"(anonymous_4)","decl":{"start":{"line":26,"column":12},"end":{"line":26,"column":13}},"loc":{"start":{"line":26,"column":18},"end":{"line":26,"column":54}},"line":26},"5":{"name":"(anonymous_5)","decl":{"start":{"line":28,"column":8},"end":{"line":28,"column":9}},"loc":{"start":{"line":28,"column":15},"end":{"line":28,"column":31}},"line":28},"6":{"name":"(anonymous_6)","decl":{"start":{"line":35,"column":12},"end":{"line":35,"column":13}},"loc":{"start":{"line":35,"column":18},"end":{"line":47,"column":3}},"line":35},"7":{"name":"(anonymous_7)","decl":{"start":{"line":38,"column":24},"end":{"line":38,"column":25}},"loc":{"start":{"line":38,"column":38},"end":{"line":43,"column":5}},"line":38},"8":{"name":"cleanup","decl":{"start":{"line":44,"column":20},"end":{"line":44,"column":27}},"loc":{"start":{"line":44,"column":30},"end":{"line":46,"column":5}},"line":44},"9":{"name":"(anonymous_9)","decl":{"start":{"line":49,"column":12},"end":{"line":49,"column":13}},"loc":{"start":{"line":49,"column":18},"end":{"line":59,"column":3}},"line":49},"10":{"name":"(anonymous_10)","decl":{"start":{"line":56,"column":19},"end":{"line":56,"column":20}},"loc":{"start":{"line":56,"column":25},"end":{"line":56,"column":36}},"line":56}},"branchMap":{"0":{"loc":{"start":{"line":19,"column":4},"end":{"line":30,"column":29}},"type":"if","locations":[{"start":{"line":19,"column":4},"end":{"line":30,"column":29}},{"start":{"line":19,"column":4},"end":{"line":30,"column":29}}],"line":19},"1":{"loc":{"start":{"line":39,"column":6},"end":{"line":42,"column":7}},"type":"if","locations":[{"start":{"line":39,"column":6},"end":{"line":42,"column":7}},{"start":{"line":39,"column":6},"end":{"line":42,"column":7}}],"line":39},"2":{"loc":{"start":{"line":39,"column":10},"end":{"line":39,"column":31}},"type":"binary-expr","locations":[{"start":{"line":39,"column":10},"end":{"line":39,"column":20}},{"start":{"line":39,"column":24},"end":{"line":39,"column":31}}],"line":39},"3":{"loc":{"start":{"line":50,"column":4},"end":{"line":58,"column":33}},"type":"if","locations":[{"start":{"line":50,"column":4},"end":{"line":58,"column":33}},{"start":{"line":50,"column":4},"end":{"line":58,"column":33}}],"line":50},"4":{"loc":{"start":{"line":51,"column":6},"end":{"line":57,"column":27}},"type":"if","locations":[{"start":{"line":51,"column":6},"end":{"line":57,"column":27}},{"start":{"line":51,"column":6},"end":{"line":57,"column":27}}],"line":51},"5":{"loc":{"start":{"line":67,"column":20},"end":{"line":67,"column":51}},"type":"cond-expr","locations":[{"start":{"line":67,"column":30},"end":{"line":67,"column":39}},{"start":{"line":67,"column":42},"end":{"line":67,"column":51}}],"line":67}},"s":{"0":1,"1":2,"2":2,"3":0,"4":0,"5":0,"6":0,"7":0,"8":0,"9":0,"10":2,"11":2,"12":2,"13":2,"14":2,"15":2,"16":0,"17":0,"18":2,"19":0,"20":2,"21":2,"22":0,"23":0,"24":0,"25":0,"26":0,"27":2,"28":2,"29":1},"f":{"0":2,"1":0,"2":0,"3":0,"4":0,"5":0,"6":2,"7":2,"8":0,"9":2,"10":0},"b":{"0":[0,0],"1":[0,2],"2":[2,0],"3":[0,2],"4":[0,0],"5":[0,2]},"_coverageSchema":"1a1c01bbd47fc00a2c39e90264f33305004495a9","hash":"14db90e795cc9309dcdd3ed1b780c4f8dc0e0586"}
,"C:\\Users\\david\\Documents\\Universidad\\3\\ASW\\radarin\\repo\\radarin_es4b\\mobileapp\\src\\components\\LoggedInView.js": {"path":"C:\\Users\\david\\Documents\\Universidad\\3\\ASW\\radarin\\repo\\radarin_es4b\\mobileapp\\src\\components\\LoggedInView.js","statementMap":{"0":{"start":{"line":18,"column":21},"end":{"line":132,"column":1}},"1":{"start":{"line":19,"column":36},"end":{"line":24,"column":4}},"2":{"start":{"line":25,"column":34},"end":{"line":25,"column":47}},"3":{"start":{"line":26,"column":42},"end":{"line":26,"column":56}},"4":{"start":{"line":27,"column":32},"end":{"line":27,"column":44}},"5":{"start":{"line":28,"column":19},"end":{"line":28,"column":32}},"6":{"start":{"line":29,"column":14},"end":{"line":29,"column":26}},"7":{"start":{"line":31,"column":2},"end":{"line":55,"column":9}},"8":{"start":{"line":32,"column":4},"end":{"line":35,"column":7}},"9":{"start":{"line":33,"column":6},"end":{"line":33,"column":32}},"10":{"start":{"line":34,"column":6},"end":{"line":34,"column":31}},"11":{"start":{"line":36,"column":4},"end":{"line":36,"column":64}},"12":{"start":{"line":36,"column":43},"end":{"line":36,"column":62}},"13":{"start":{"line":37,"column":4},"end":{"line":39,"column":7}},"14":{"start":{"line":38,"column":6},"end":{"line":38,"column":48}},"15":{"start":{"line":38,"column":27},"end":{"line":38,"column":48}},"16":{"start":{"line":40,"column":4},"end":{"line":42,"column":7}},"17":{"start":{"line":41,"column":6},"end":{"line":41,"column":57}},"18":{"start":{"line":41,"column":26},"end":{"line":41,"column":57}},"19":{"start":{"line":43,"column":4},"end":{"line":48,"column":7}},"20":{"start":{"line":44,"column":6},"end":{"line":47,"column":7}},"21":{"start":{"line":45,"column":8},"end":{"line":45,"column":34}},"22":{"start":{"line":46,"column":8},"end":{"line":46,"column":50}},"23":{"start":{"line":49,"column":4},"end":{"line":49,"column":25}},"24":{"start":{"line":50,"column":4},"end":{"line":50,"column":62}},"25":{"start":{"line":52,"column":4},"end":{"line":54,"column":6}},"26":{"start":{"line":53,"column":6},"end":{"line":53,"column":67}},"27":{"start":{"line":57,"column":31},"end":{"line":64,"column":3}},"28":{"start":{"line":58,"column":4},"end":{"line":63,"column":5}},"29":{"start":{"line":59,"column":6},"end":{"line":59,"column":31}},"30":{"start":{"line":60,"column":6},"end":{"line":62,"column":9}},"31":{"start":{"line":61,"column":8},"end":{"line":61,"column":57}},"32":{"start":{"line":61,"column":31},"end":{"line":61,"column":57}},"33":{"start":{"line":66,"column":2},"end":{"line":82,"column":18}},"34":{"start":{"line":67,"column":18},"end":{"line":67,"column":34}},"35":{"start":{"line":68,"column":20},"end":{"line":68,"column":25}},"36":{"start":{"line":69,"column":4},"end":{"line":78,"column":35}},"37":{"start":{"line":70,"column":6},"end":{"line":77,"column":7}},"38":{"start":{"line":71,"column":8},"end":{"line":71,"column":25}},"39":{"start":{"line":72,"column":8},"end":{"line":76,"column":17}},"40":{"start":{"line":73,"column":10},"end":{"line":75,"column":11}},"41":{"start":{"line":74,"column":12},"end":{"line":74,"column":77}},"42":{"start":{"line":74,"column":57},"end":{"line":74,"column":74}},"43":{"start":{"line":78,"column":11},"end":{"line":78,"column":35}},"44":{"start":{"line":79,"column":4},"end":{"line":81,"column":6}},"45":{"start":{"line":80,"column":6},"end":{"line":80,"column":22}},"46":{"start":{"line":84,"column":2},"end":{"line":104,"column":17}},"47":{"start":{"line":85,"column":18},"end":{"line":85,"column":34}},"48":{"start":{"line":86,"column":20},"end":{"line":86,"column":25}},"49":{"start":{"line":87,"column":4},"end":{"line":100,"column":35}},"50":{"start":{"line":88,"column":6},"end":{"line":88,"column":31}},"51":{"start":{"line":89,"column":6},"end":{"line":99,"column":7}},"52":{"start":{"line":90,"column":8},"end":{"line":90,"column":25}},"53":{"start":{"line":91,"column":8},"end":{"line":98,"column":16}},"54":{"start":{"line":92,"column":10},"end":{"line":97,"column":11}},"55":{"start":{"line":93,"column":12},"end":{"line":93,"column":37}},"56":{"start":{"line":94,"column":12},"end":{"line":96,"column":14}},"57":{"start":{"line":95,"column":21},"end":{"line":95,"column":38}},"58":{"start":{"line":100,"column":11},"end":{"line":100,"column":35}},"59":{"start":{"line":101,"column":4},"end":{"line":103,"column":6}},"60":{"start":{"line":102,"column":6},"end":{"line":102,"column":22}},"61":{"start":{"line":106,"column":2},"end":{"line":108,"column":21}},"62":{"start":{"line":107,"column":4},"end":{"line":107,"column":57}},"63":{"start":{"line":107,"column":21},"end":{"line":107,"column":57}},"64":{"start":{"line":110,"column":2},"end":{"line":131,"column":4}}},"fnMap":{"0":{"name":"(anonymous_0)","decl":{"start":{"line":18,"column":21},"end":{"line":18,"column":22}},"loc":{"start":{"line":18,"column":45},"end":{"line":132,"column":1}},"line":18},"1":{"name":"(anonymous_1)","decl":{"start":{"line":31,"column":12},"end":{"line":31,"column":13}},"loc":{"start":{"line":31,"column":18},"end":{"line":55,"column":3}},"line":31},"2":{"name":"(anonymous_2)","decl":{"start":{"line":32,"column":33},"end":{"line":32,"column":34}},"loc":{"start":{"line":32,"column":45},"end":{"line":35,"column":5}},"line":32},"3":{"name":"(anonymous_3)","decl":{"start":{"line":36,"column":32},"end":{"line":36,"column":33}},"loc":{"start":{"line":36,"column":43},"end":{"line":36,"column":62}},"line":36},"4":{"name":"(anonymous_4)","decl":{"start":{"line":37,"column":29},"end":{"line":37,"column":30}},"loc":{"start":{"line":37,"column":39},"end":{"line":39,"column":5}},"line":37},"5":{"name":"(anonymous_5)","decl":{"start":{"line":40,"column":33},"end":{"line":40,"column":34}},"loc":{"start":{"line":40,"column":42},"end":{"line":42,"column":5}},"line":40},"6":{"name":"(anonymous_6)","decl":{"start":{"line":43,"column":49},"end":{"line":43,"column":50}},"loc":{"start":{"line":43,"column":61},"end":{"line":48,"column":5}},"line":43},"7":{"name":"(anonymous_7)","decl":{"start":{"line":52,"column":11},"end":{"line":52,"column":12}},"loc":{"start":{"line":52,"column":17},"end":{"line":54,"column":5}},"line":52},"8":{"name":"(anonymous_8)","decl":{"start":{"line":57,"column":31},"end":{"line":57,"column":32}},"loc":{"start":{"line":57,"column":40},"end":{"line":64,"column":3}},"line":57},"9":{"name":"(anonymous_9)","decl":{"start":{"line":60,"column":51},"end":{"line":60,"column":52}},"loc":{"start":{"line":60,"column":63},"end":{"line":62,"column":7}},"line":60},"10":{"name":"(anonymous_10)","decl":{"start":{"line":66,"column":12},"end":{"line":66,"column":13}},"loc":{"start":{"line":66,"column":18},"end":{"line":82,"column":3}},"line":66},"11":{"name":"(anonymous_11)","decl":{"start":{"line":72,"column":19},"end":{"line":72,"column":20}},"loc":{"start":{"line":72,"column":25},"end":{"line":76,"column":9}},"line":72},"12":{"name":"(anonymous_12)","decl":{"start":{"line":74,"column":50},"end":{"line":74,"column":51}},"loc":{"start":{"line":74,"column":57},"end":{"line":74,"column":74}},"line":74},"13":{"name":"cleanup","decl":{"start":{"line":79,"column":20},"end":{"line":79,"column":27}},"loc":{"start":{"line":79,"column":30},"end":{"line":81,"column":5}},"line":79},"14":{"name":"(anonymous_14)","decl":{"start":{"line":84,"column":12},"end":{"line":84,"column":13}},"loc":{"start":{"line":84,"column":18},"end":{"line":104,"column":3}},"line":84},"15":{"name":"(anonymous_15)","decl":{"start":{"line":91,"column":19},"end":{"line":91,"column":20}},"loc":{"start":{"line":91,"column":25},"end":{"line":98,"column":9}},"line":91},"16":{"name":"(anonymous_16)","decl":{"start":{"line":95,"column":14},"end":{"line":95,"column":15}},"loc":{"start":{"line":95,"column":21},"end":{"line":95,"column":38}},"line":95},"17":{"name":"cleanup","decl":{"start":{"line":101,"column":20},"end":{"line":101,"column":27}},"loc":{"start":{"line":101,"column":30},"end":{"line":103,"column":5}},"line":101},"18":{"name":"(anonymous_18)","decl":{"start":{"line":106,"column":12},"end":{"line":106,"column":13}},"loc":{"start":{"line":106,"column":18},"end":{"line":108,"column":3}},"line":106}},"branchMap":{"0":{"loc":{"start":{"line":38,"column":6},"end":{"line":38,"column":48}},"type":"if","locations":[{"start":{"line":38,"column":6},"end":{"line":38,"column":48}},{"start":{"line":38,"column":6},"end":{"line":38,"column":48}}],"line":38},"1":{"loc":{"start":{"line":41,"column":6},"end":{"line":41,"column":57}},"type":"if","locations":[{"start":{"line":41,"column":6},"end":{"line":41,"column":57}},{"start":{"line":41,"column":6},"end":{"line":41,"column":57}}],"line":41},"2":{"loc":{"start":{"line":44,"column":6},"end":{"line":47,"column":7}},"type":"if","locations":[{"start":{"line":44,"column":6},"end":{"line":47,"column":7}},{"start":{"line":44,"column":6},"end":{"line":47,"column":7}}],"line":44},"3":{"loc":{"start":{"line":58,"column":4},"end":{"line":63,"column":5}},"type":"if","locations":[{"start":{"line":58,"column":4},"end":{"line":63,"column":5}},{"start":{"line":58,"column":4},"end":{"line":63,"column":5}}],"line":58},"4":{"loc":{"start":{"line":61,"column":8},"end":{"line":61,"column":57}},"type":"if","locations":[{"start":{"line":61,"column":8},"end":{"line":61,"column":57}},{"start":{"line":61,"column":8},"end":{"line":61,"column":57}}],"line":61},"5":{"loc":{"start":{"line":69,"column":4},"end":{"line":78,"column":35}},"type":"if","locations":[{"start":{"line":69,"column":4},"end":{"line":78,"column":35}},{"start":{"line":69,"column":4},"end":{"line":78,"column":35}}],"line":69},"6":{"loc":{"start":{"line":70,"column":6},"end":{"line":77,"column":7}},"type":"if","locations":[{"start":{"line":70,"column":6},"end":{"line":77,"column":7}},{"start":{"line":70,"column":6},"end":{"line":77,"column":7}}],"line":70},"7":{"loc":{"start":{"line":73,"column":10},"end":{"line":75,"column":11}},"type":"if","locations":[{"start":{"line":73,"column":10},"end":{"line":75,"column":11}},{"start":{"line":73,"column":10},"end":{"line":75,"column":11}}],"line":73},"8":{"loc":{"start":{"line":87,"column":4},"end":{"line":100,"column":35}},"type":"if","locations":[{"start":{"line":87,"column":4},"end":{"line":100,"column":35}},{"start":{"line":87,"column":4},"end":{"line":100,"column":35}}],"line":87},"9":{"loc":{"start":{"line":89,"column":6},"end":{"line":99,"column":7}},"type":"if","locations":[{"start":{"line":89,"column":6},"end":{"line":99,"column":7}},{"start":{"line":89,"column":6},"end":{"line":99,"column":7}}],"line":89},"10":{"loc":{"start":{"line":92,"column":10},"end":{"line":97,"column":11}},"type":"if","locations":[{"start":{"line":92,"column":10},"end":{"line":97,"column":11}},{"start":{"line":92,"column":10},"end":{"line":97,"column":11}}],"line":92},"11":{"loc":{"start":{"line":107,"column":4},"end":{"line":107,"column":57}},"type":"if","locations":[{"start":{"line":107,"column":4},"end":{"line":107,"column":57}},{"start":{"line":107,"column":4},"end":{"line":107,"column":57}}],"line":107}},"s":{"0":1,"1":2,"2":2,"3":2,"4":2,"5":2,"6":2,"7":2,"8":2,"9":0,"10":0,"11":2,"12":0,"13":2,"14":2,"15":0,"16":2,"17":2,"18":0,"19":2,"20":2,"21":0,"22":0,"23":2,"24":2,"25":2,"26":0,"27":2,"28":0,"29":0,"30":0,"31":0,"32":0,"33":2,"34":2,"35":2,"36":2,"37":0,"38":0,"39":0,"40":0,"41":0,"42":0,"43":2,"44":2,"45":0,"46":2,"47":2,"48":2,"49":2,"50":2,"51":2,"52":2,"53":2,"54":0,"55":0,"56":0,"57":0,"58":0,"59":2,"60":0,"61":2,"62":2,"63":2,"64":2},"f":{"0":2,"1":2,"2":0,"3":0,"4":2,"5":2,"6":2,"7":0,"8":0,"9":0,"10":2,"11":0,"12":0,"13":0,"14":2,"15":0,"16":0,"17":0,"18":2},"b":{"0":[0,2],"1":[0,2],"2":[0,2],"3":[0,0],"4":[0,0],"5":[0,2],"6":[0,0],"7":[0,0],"8":[2,0],"9":[2,0],"10":[0,0],"11":[2,0]},"_coverageSchema":"1a1c01bbd47fc00a2c39e90264f33305004495a9","hash":"a0b6b3f116ba646cc5487a7a83eb2d39f5517a5e"}
,"C:\\Users\\david\\Documents\\Universidad\\3\\ASW\\radarin\\repo\\radarin_es4b\\mobileapp\\src\\components\\LoginForm.js": {"path":"C:\\Users\\david\\Documents\\Universidad\\3\\ASW\\radarin\\repo\\radarin_es4b\\mobileapp\\src\\components\\LoginForm.js","statementMap":{"0":{"start":{"line":9,"column":18},"end":{"line":75,"column":1}},"1":{"start":{"line":10,"column":24},"end":{"line":10,"column":34}},"2":{"start":{"line":11,"column":34},"end":{"line":11,"column":44}},"3":{"start":{"line":12,"column":34},"end":{"line":12,"column":44}},"4":{"start":{"line":14,"column":38},"end":{"line":17,"column":3}},"5":{"start":{"line":15,"column":15},"end":{"line":15,"column":46}},"6":{"start":{"line":16,"column":4},"end":{"line":16,"column":64}},"7":{"start":{"line":19,"column":2},"end":{"line":74,"column":4}},"8":{"start":{"line":26,"column":32},"end":{"line":26,"column":44}},"9":{"start":{"line":31,"column":32},"end":{"line":31,"column":49}},"10":{"start":{"line":37,"column":32},"end":{"line":37,"column":49}},"11":{"start":{"line":40,"column":24},"end":{"line":40,"column":78}},"12":{"start":{"line":53,"column":14},"end":{"line":53,"column":73}},"13":{"start":{"line":64,"column":14},"end":{"line":66,"column":15}},"14":{"start":{"line":77,"column":15},"end":{"line":121,"column":2}}},"fnMap":{"0":{"name":"(anonymous_0)","decl":{"start":{"line":9,"column":18},"end":{"line":9,"column":19}},"loc":{"start":{"line":9,"column":36},"end":{"line":75,"column":1}},"line":9},"1":{"name":"(anonymous_1)","decl":{"start":{"line":14,"column":38},"end":{"line":14,"column":39}},"loc":{"start":{"line":14,"column":59},"end":{"line":17,"column":3}},"line":14},"2":{"name":"(anonymous_2)","decl":{"start":{"line":26,"column":24},"end":{"line":26,"column":25}},"loc":{"start":{"line":26,"column":32},"end":{"line":26,"column":44}},"line":26},"3":{"name":"(anonymous_3)","decl":{"start":{"line":31,"column":24},"end":{"line":31,"column":25}},"loc":{"start":{"line":31,"column":32},"end":{"line":31,"column":49}},"line":31},"4":{"name":"(anonymous_4)","decl":{"start":{"line":37,"column":24},"end":{"line":37,"column":25}},"loc":{"start":{"line":37,"column":32},"end":{"line":37,"column":49}},"line":37},"5":{"name":"(anonymous_5)","decl":{"start":{"line":40,"column":18},"end":{"line":40,"column":19}},"loc":{"start":{"line":40,"column":24},"end":{"line":40,"column":78}},"line":40},"6":{"name":"(anonymous_6)","decl":{"start":{"line":52,"column":21},"end":{"line":52,"column":22}},"loc":{"start":{"line":53,"column":14},"end":{"line":53,"column":73}},"line":53},"7":{"name":"(anonymous_7)","decl":{"start":{"line":63,"column":21},"end":{"line":63,"column":22}},"loc":{"start":{"line":64,"column":14},"end":{"line":66,"column":15}},"line":64}},"branchMap":{"0":{"loc":{"start":{"line":16,"column":4},"end":{"line":16,"column":63}},"type":"cond-expr","locations":[{"start":{"line":16,"column":11},"end":{"line":16,"column":27}},{"start":{"line":16,"column":30},"end":{"line":16,"column":63}}],"line":16}},"s":{"0":1,"1":9,"2":9,"3":9,"4":9,"5":2,"6":2,"7":9,"8":2,"9":2,"10":2,"11":2,"12":0,"13":0,"14":1},"f":{"0":9,"1":2,"2":2,"3":2,"4":2,"5":2,"6":0,"7":0},"b":{"0":[1,1]},"_coverageSchema":"1a1c01bbd47fc00a2c39e90264f33305004495a9","hash":"523c20eb3a86a309a6a4f5df1fd8a47cd2520e62"}
,"C:\\Users\\david\\Documents\\Universidad\\3\\ASW\\radarin\\repo\\radarin_es4b\\mobileapp\\src\\components\\Map.js": {"path":"C:\\Users\\david\\Documents\\Universidad\\3\\ASW\\radarin\\repo\\radarin_es4b\\mobileapp\\src\\components\\Map.js","statementMap":{"0":{"start":{"line":7,"column":12},"end":{"line":97,"column":1}},"1":{"start":{"line":12,"column":16},"end":{"line":12,"column":28}},"2":{"start":{"line":14,"column":4},"end":{"line":27,"column":8}},"3":{"start":{"line":14,"column":36},"end":{"line":27,"column":5}},"4":{"start":{"line":16,"column":8},"end":{"line":25,"column":9}},"5":{"start":{"line":17,"column":10},"end":{"line":24,"column":12}},"6":{"start":{"line":29,"column":4},"end":{"line":95,"column":6}},"7":{"start":{"line":61,"column":14},"end":{"line":68,"column":47}},"8":{"start":{"line":80,"column":16},"end":{"line":88,"column":20}},"9":{"start":{"line":81,"column":18},"end":{"line":88,"column":20}},"10":{"start":{"line":98,"column":15},"end":{"line":111,"column":2}}},"fnMap":{"0":{"name":"(anonymous_0)","decl":{"start":{"line":8,"column":2},"end":{"line":8,"column":3}},"loc":{"start":{"line":11,"column":7},"end":{"line":96,"column":3}},"line":11},"1":{"name":"(anonymous_1)","decl":{"start":{"line":14,"column":29},"end":{"line":14,"column":30}},"loc":{"start":{"line":14,"column":36},"end":{"line":27,"column":5}},"line":14},"2":{"name":"(anonymous_2)","decl":{"start":{"line":15,"column":17},"end":{"line":15,"column":18}},"loc":{"start":{"line":15,"column":29},"end":{"line":26,"column":7}},"line":15},"3":{"name":"(anonymous_3)","decl":{"start":{"line":60,"column":25},"end":{"line":60,"column":26}},"loc":{"start":{"line":61,"column":14},"end":{"line":68,"column":47}},"line":61},"4":{"name":"(anonymous_4)","decl":{"start":{"line":79,"column":23},"end":{"line":79,"column":24}},"loc":{"start":{"line":79,"column":29},"end":{"line":89,"column":15}},"line":79}},"branchMap":{"0":{"loc":{"start":{"line":16,"column":8},"end":{"line":25,"column":9}},"type":"if","locations":[{"start":{"line":16,"column":8},"end":{"line":25,"column":9}},{"start":{"line":16,"column":8},"end":{"line":25,"column":9}}],"line":16},"1":{"loc":{"start":{"line":38,"column":13},"end":{"line":45,"column":13}},"type":"binary-expr","locations":[{"start":{"line":38,"column":13},"end":{"line":38,"column":29}},{"start":{"line":39,"column":14},"end":{"line":44,"column":51}}],"line":38},"2":{"loc":{"start":{"line":46,"column":13},"end":{"line":59,"column":13}},"type":"binary-expr","locations":[{"start":{"line":46,"column":13},"end":{"line":46,"column":29}},{"start":{"line":47,"column":14},"end":{"line":58,"column":16}}],"line":46},"3":{"loc":{"start":{"line":71,"column":11},"end":{"line":92,"column":11}},"type":"binary-expr","locations":[{"start":{"line":71,"column":11},"end":{"line":71,"column":27}},{"start":{"line":72,"column":12},"end":{"line":91,"column":14}}],"line":71},"4":{"loc":{"start":{"line":80,"column":16},"end":{"line":88,"column":20}},"type":"if","locations":[{"start":{"line":80,"column":16},"end":{"line":88,"column":20}},{"start":{"line":80,"column":16},"end":{"line":88,"column":20}}],"line":80}},"s":{"0":1,"1":2,"2":2,"3":2,"4":2,"5":0,"6":2,"7":0,"8":0,"9":0,"10":1},"f":{"0":2,"1":2,"2":2,"3":0,"4":0},"b":{"0":[0,2],"1":[2,0],"2":[2,0],"3":[2,0],"4":[0,0]},"_coverageSchema":"1a1c01bbd47fc00a2c39e90264f33305004495a9","hash":"7e578bfe3306068c27f84c589437b2b95e9320d1"}
,"C:\\Users\\david\\Documents\\Universidad\\3\\ASW\\radarin\\repo\\radarin_es4b\\mobileapp\\src\\components\\UserInfo.js": {"path":"C:\\Users\\david\\Documents\\Universidad\\3\\ASW\\radarin\\repo\\radarin_es4b\\mobileapp\\src\\components\\UserInfo.js","statementMap":{"0":{"start":{"line":9,"column":17},"end":{"line":34,"column":1}},"1":{"start":{"line":10,"column":2},"end":{"line":33,"column":4}},"2":{"start":{"line":14,"column":23},"end":{"line":14,"column":50}},"3":{"start":{"line":25,"column":10},"end":{"line":25,"column":24}},"4":{"start":{"line":26,"column":10},"end":{"line":26,"column":30}},"5":{"start":{"line":27,"column":10},"end":{"line":27,"column":27}},"6":{"start":{"line":36,"column":15},"end":{"line":53,"column":2}}},"fnMap":{"0":{"name":"(anonymous_0)","decl":{"start":{"line":9,"column":17},"end":{"line":9,"column":18}},"loc":{"start":{"line":9,"column":41},"end":{"line":34,"column":1}},"line":9},"1":{"name":"(anonymous_1)","decl":{"start":{"line":14,"column":17},"end":{"line":14,"column":18}},"loc":{"start":{"line":14,"column":23},"end":{"line":14,"column":50}},"line":14},"2":{"name":"(anonymous_2)","decl":{"start":{"line":24,"column":16},"end":{"line":24,"column":17}},"loc":{"start":{"line":24,"column":22},"end":{"line":28,"column":9}},"line":24}},"branchMap":{"0":{"loc":{"start":{"line":17,"column":10},"end":{"line":19,"column":69}},"type":"cond-expr","locations":[{"start":{"line":18,"column":14},"end":{"line":18,"column":31}},{"start":{"line":19,"column":14},"end":{"line":19,"column":69}}],"line":17}},"s":{"0":1,"1":2,"2":0,"3":1,"4":1,"5":1,"6":1},"f":{"0":2,"1":0,"2":1},"b":{"0":[2,0]},"_coverageSchema":"1a1c01bbd47fc00a2c39e90264f33305004495a9","hash":"e5e7f53bc211e66947c4e991f3efbb1c47acafe2"}
}
