TN:
SF:App.js
FN:10,(anonymous_0)
FN:14,(anonymous_1)
FN:15,(anonymous_2)
FN:20,(anonymous_3)
FNF:4
FNH:4
FNDA:1,(anonymous_0)
FNDA:1,(anonymous_1)
FNDA:1,(anonymous_2)
FNDA:1,(anonymous_3)
DA:10,1
DA:11,1
DA:12,1
DA:14,1
DA:15,1
DA:16,1
DA:20,1
DA:21,1
DA:22,0
DA:23,0
DA:24,1
DA:27,1
LF:12
LH:10
BRDA:16,0,0,0
BRDA:16,0,1,1
BRDA:21,1,0,0
BRDA:21,1,1,1
BRDA:35,2,0,1
BRDA:35,2,1,1
BRDA:40,3,0,1
BRDA:40,3,1,0
BRF:8
BRH:5
end_of_record
TN:
SF:src\friends.js
FN:9,(anonymous_0)
FN:12,getCurrentFriendsClose
FN:20,(anonymous_2)
FN:29,(anonymous_3)
FN:34,(anonymous_4)
FN:45,showNotifications
FN:46,(anonymous_6)
FN:49,(anonymous_7)
FN:56,(anonymous_8)
FN:58,(anonymous_9)
FN:69,startFriendUpdates
FN:74,stopFriendUpdates
FN:78,setForegroundFriendsHandler
FN:86,setMaxDistance
FNF:14
FNH:4
FNDA:0,(anonymous_0)
FNDA:0,getCurrentFriendsClose
FNDA:0,(anonymous_2)
FNDA:0,(anonymous_3)
FNDA:0,(anonymous_4)
FNDA:0,showNotifications
FNDA:0,(anonymous_6)
FNDA:0,(anonymous_7)
FNDA:0,(anonymous_8)
FNDA:0,(anonymous_9)
FNDA:2,startFriendUpdates
FNDA:1,stopFriendUpdates
FNDA:2,setForegroundFriendsHandler
FNDA:2,setMaxDistance
DA:8,1
DA:9,1
DA:10,1
DA:13,0
DA:14,0
DA:15,0
DA:21,0
DA:22,0
DA:23,0
DA:25,0
DA:27,0
DA:29,0
DA:34,1
DA:35,0
DA:36,0
DA:37,0
DA:38,0
DA:39,0
DA:40,0
DA:42,0
DA:46,0
DA:47,0
DA:50,0
DA:55,0
DA:56,0
DA:58,0
DA:59,0
DA:70,2
DA:71,2
DA:75,1
DA:79,2
DA:87,2
LF:32
LH:9
BRDA:13,0,0,0
BRDA:13,0,1,0
BRDA:13,1,0,0
BRDA:13,1,1,0
BRDA:22,2,0,0
BRDA:22,2,1,0
BRDA:36,3,0,0
BRDA:36,3,1,0
BRDA:50,4,0,0
BRDA:50,4,1,0
BRF:10
BRH:0
end_of_record
TN:
SF:src\i18n.js
FN:12,getText
FN:20,getDateTimeString
FNF:2
FNH:1
FNDA:136,getText
FNDA:0,getDateTimeString
DA:4,1
DA:5,1
DA:13,136
DA:21,0
LF:4
LH:3
BRF:0
BRH:0
end_of_record
TN:
SF:src\location.js
FN:12,(anonymous_0)
FN:17,defineTaskIfNotDefined
FN:19,(anonymous_2)
FN:23,(anonymous_3)
FN:29,handleLocation
FN:43,locationErrorHandler
FN:50,getCurrentLocation
FN:52,(anonymous_7)
FN:54,(anonymous_8)
FN:58,(anonymous_9)
FN:61,(anonymous_10)
FN:63,(anonymous_11)
FN:70,subscribe
FN:72,(anonymous_13)
FN:81,(anonymous_14)
FN:89,unsubscribe
FN:90,(anonymous_16)
FN:92,(anonymous_17)
FN:104,isSubscribed
FN:117,checkLocationEnabled
FN:118,(anonymous_20)
FN:128,setForegroundLocationHandler
FNF:22
FNH:5
FNDA:0,(anonymous_0)
FNDA:2,defineTaskIfNotDefined
FNDA:0,(anonymous_2)
FNDA:0,(anonymous_3)
FNDA:0,handleLocation
FNDA:0,locationErrorHandler
FNDA:0,getCurrentLocation
FNDA:0,(anonymous_7)
FNDA:0,(anonymous_8)
FNDA:0,(anonymous_9)
FNDA:0,(anonymous_10)
FNDA:0,(anonymous_11)
FNDA:0,subscribe
FNDA:0,(anonymous_13)
FNDA:0,(anonymous_14)
FNDA:1,unsubscribe
FNDA:1,(anonymous_16)
FNDA:0,(anonymous_17)
FNDA:2,isSubscribed
FNDA:0,checkLocationEnabled
FNDA:0,(anonymous_20)
FNDA:2,setForegroundLocationHandler
DA:11,1
DA:12,1
DA:18,2
DA:19,1
DA:20,0
DA:21,0
DA:23,0
DA:30,0
DA:31,0
DA:32,0
DA:33,0
DA:34,0
DA:35,0
DA:36,0
DA:37,0
DA:38,0
DA:44,0
DA:51,0
DA:53,0
DA:55,0
DA:58,0
DA:61,0
DA:63,0
DA:71,0
DA:72,0
DA:73,0
DA:74,0
DA:81,0
DA:90,1
DA:91,1
DA:92,0
DA:93,0
DA:105,2
DA:106,2
DA:108,0
DA:118,0
DA:119,0
DA:129,2
LF:38
LH:9
BRDA:18,0,0,1
BRDA:18,0,1,1
BRDA:20,1,0,0
BRDA:20,1,1,0
BRDA:33,2,0,0
BRDA:33,2,1,0
BRDA:37,3,0,0
BRDA:37,3,1,0
BRDA:73,4,0,0
BRDA:73,4,1,0
BRDA:91,5,0,0
BRDA:91,5,1,1
BRDA:119,6,0,0
BRDA:119,6,1,0
BRF:14
BRH:3
end_of_record
TN:
SF:src\notifications.js
FN:10,(anonymous_0)
FN:20,(anonymous_1)
FN:30,(anonymous_2)
FN:37,(anonymous_3)
FN:49,postNotification
FN:63,clearNotfications
FNF:6
FNH:0
FNDA:0,(anonymous_0)
FNDA:0,(anonymous_1)
FNDA:0,(anonymous_2)
FNDA:0,(anonymous_3)
FNDA:0,postNotification
FNDA:0,clearNotfications
DA:6,1
DA:8,1
DA:11,0
DA:16,0
DA:21,0
DA:22,0
DA:30,1
DA:31,0
DA:32,0
DA:38,0
DA:41,0
DA:50,0
DA:64,0
LF:13
LH:3
BRDA:31,0,0,0
BRDA:31,0,1,0
BRDA:38,1,0,0
BRDA:38,1,1,0
BRF:4
BRH:0
end_of_record
TN:
SF:src\permissions.js
FN:25,checkAndRequestPermissions
FN:30,(anonymous_1)
FN:40,(anonymous_2)
FN:51,(anonymous_3)
FN:57,(anonymous_4)
FNF:5
FNH:0
FNDA:0,checkAndRequestPermissions
FNDA:0,(anonymous_1)
FNDA:0,(anonymous_2)
FNDA:0,(anonymous_3)
FNDA:0,(anonymous_4)
DA:10,1
DA:29,0
DA:31,0
DA:35,0
DA:39,0
DA:40,0
DA:41,0
DA:45,0
DA:47,0
DA:48,0
DA:51,0
DA:57,1
DA:58,0
DA:59,0
DA:60,0
DA:61,0
DA:63,0
LF:17
LH:2
BRDA:10,0,0,1
BRDA:10,0,1,0
BRDA:12,1,0,0
BRDA:12,1,1,0
BRDA:39,2,0,0
BRDA:39,2,1,0
BRDA:41,3,0,0
BRDA:41,3,1,0
BRDA:47,4,0,0
BRDA:47,4,1,0
BRDA:60,5,0,0
BRDA:60,5,1,0
BRF:12
BRH:1
end_of_record
TN:
SF:src\storage.js
FN:9,storeObject
FN:23,getObject
FN:37,storeValue
FN:50,getValue
FNF:4
FNH:2
FNDA:0,storeObject
FNDA:5,getObject
FNDA:0,storeValue
FNDA:2,getValue
DA:10,0
DA:11,0
DA:12,0
DA:14,0
DA:24,5
DA:25,5
DA:26,5
DA:28,0
DA:38,0
DA:39,0
DA:41,0
DA:51,2
DA:52,2
DA:54,0
LF:14
LH:5
BRDA:11,0,0,0
BRDA:11,0,1,0
BRDA:26,1,0,0
BRDA:26,1,1,5
BRF:4
BRH:1
end_of_record
TN:
SF:src\user.js
FN:7,getWebId
FN:16,setWebId
FN:23,getLastUserLocation
FN:32,setLastUserLocation
FNF:4
FNH:0
FNDA:0,getWebId
FNDA:0,setWebId
FNDA:0,getLastUserLocation
FNDA:0,setLastUserLocation
DA:1,1
DA:2,1
DA:8,0
DA:17,0
DA:24,0
DA:33,0
LF:6
LH:2
BRF:0
BRH:0
end_of_record
TN:
SF:src\api\api.js
FN:8,sendLocation
FN:21,(anonymous_1)
FN:22,(anonymous_2)
FN:40,getFriendsClose
FN:69,authenticate
FNF:5
FNH:1
FNDA:0,sendLocation
FNDA:0,(anonymous_1)
FNDA:0,(anonymous_2)
FNDA:0,getFriendsClose
FNDA:2,authenticate
DA:1,1
DA:9,0
DA:10,0
DA:21,0
DA:22,0
DA:41,0
DA:42,0
DA:52,0
DA:53,0
DA:70,2
DA:71,2
DA:72,2
DA:77,2
DA:78,2
DA:80,0
LF:15
LH:6
BRDA:78,0,0,1
BRDA:78,0,1,1
BRF:2
BRH:2
end_of_record
TN:
SF:src\components\CustomButton.js
FN:4,(anonymous_0)
FN:13,(anonymous_1)
FN:15,(anonymous_2)
FN:24,(anonymous_3)
FN:25,(anonymous_4)
FNF:5
FNH:2
FNDA:2,(anonymous_0)
FNDA:2,(anonymous_1)
FNDA:0,(anonymous_2)
FNDA:0,(anonymous_3)
FNDA:0,(anonymous_4)
DA:4,1
DA:10,2
DA:11,2
DA:13,2
DA:14,2
DA:15,2
DA:16,0
DA:20,2
DA:24,0
DA:26,0
DA:40,1
LF:11
LH:8
BRDA:26,0,0,0
BRDA:26,0,1,0
BRDA:32,1,0,0
BRDA:32,1,1,2
BRF:4
BRH:1
end_of_record
TN:
SF:src\components\CustomLoadingButton.js
FN:5,(anonymous_0)
FN:14,(anonymous_1)
FN:17,(anonymous_2)
FN:21,cleanup
FN:26,(anonymous_4)
FN:32,(anonymous_5)
FN:33,(anonymous_6)
FNF:7
FNH:5
FNDA:12,(anonymous_0)
FNDA:12,(anonymous_1)
FNDA:1,(anonymous_2)
FNDA:11,cleanup
FNDA:2,(anonymous_4)
FNDA:0,(anonymous_5)
FNDA:0,(anonymous_6)
DA:5,1
DA:11,12
DA:12,12
DA:14,12
DA:15,12
DA:16,12
DA:17,2
DA:18,1
DA:21,12
DA:22,11
DA:26,12
DA:28,12
DA:32,0
DA:33,0
DA:46,1
LF:15
LH:13
BRDA:16,0,0,2
BRDA:16,0,1,10
BRDA:18,1,0,1
BRDA:18,1,1,0
BRDA:31,2,0,10
BRDA:31,2,1,2
BRDA:38,3,0,2
BRDA:38,3,1,10
BRDA:38,4,0,0
BRDA:38,4,1,10
BRDA:40,5,0,2
BRDA:40,5,1,10
BRF:12
BRH:10
end_of_record
TN:
SF:src\components\DistanceSlider.js
FN:6,(anonymous_0)
FN:21,(anonymous_1)
FNF:2
FNH:1
FNDA:2,(anonymous_0)
FNDA:0,(anonymous_1)
DA:6,1
DA:7,2
DA:21,0
DA:34,1
LF:4
LH:3
BRF:0
BRH:0
end_of_record
TN:
SF:src\components\Header.js
FN:4,(anonymous_0)
FNF:1
FNH:0
FNDA:0,(anonymous_0)
DA:4,1
DA:5,0
LF:2
LH:1
BRF:0
BRH:0
end_of_record
TN:
SF:src\components\LocationSwitch.js
FN:16,(anonymous_0)
FN:18,(anonymous_1)
FN:21,(anonymous_2)
FN:23,(anonymous_3)
FN:26,(anonymous_4)
FN:28,(anonymous_5)
FN:35,(anonymous_6)
FN:38,(anonymous_7)
FN:44,cleanup
FN:49,(anonymous_9)
FN:56,(anonymous_10)
FNF:11
FNH:4
FNDA:2,(anonymous_0)
FNDA:0,(anonymous_1)
FNDA:0,(anonymous_2)
FNDA:0,(anonymous_3)
FNDA:0,(anonymous_4)
FNDA:0,(anonymous_5)
FNDA:2,(anonymous_6)
FNDA:2,(anonymous_7)
FNDA:0,cleanup
FNDA:2,(anonymous_9)
FNDA:0,(anonymous_10)
DA:16,1
DA:17,2
DA:18,2
DA:19,0
DA:20,0
DA:22,0
DA:24,0
DA:26,0
DA:28,0
DA:30,0
DA:33,2
DA:35,2
DA:36,2
DA:37,2
DA:38,2
DA:39,2
DA:40,0
DA:41,0
DA:44,2
DA:45,0
DA:49,2
DA:50,2
DA:51,0
DA:54,0
DA:56,0
DA:57,0
DA:58,2
DA:61,2
DA:75,1
LF:29
LH:15
BRDA:19,0,0,0
BRDA:19,0,1,0
BRDA:39,1,0,0
BRDA:39,1,1,2
BRDA:39,2,0,2
BRDA:39,2,1,0
BRDA:50,3,0,0
BRDA:50,3,1,2
BRDA:51,4,0,0
BRDA:51,4,1,0
BRDA:67,5,0,0
BRDA:67,5,1,2
BRF:12
BRH:4
end_of_record
TN:
SF:src\components\LoggedInView.js
FN:18,(anonymous_0)
FN:31,(anonymous_1)
FN:32,(anonymous_2)
FN:36,(anonymous_3)
FN:37,(anonymous_4)
FN:40,(anonymous_5)
FN:43,(anonymous_6)
FN:52,(anonymous_7)
FN:57,(anonymous_8)
FN:60,(anonymous_9)
FN:66,(anonymous_10)
FN:72,(anonymous_11)
FN:74,(anonymous_12)
FN:79,cleanup
FN:84,(anonymous_14)
FN:91,(anonymous_15)
FN:95,(anonymous_16)
FN:101,cleanup
FN:106,(anonymous_18)
FNF:19
FNH:8
FNDA:2,(anonymous_0)
FNDA:2,(anonymous_1)
FNDA:0,(anonymous_2)
FNDA:0,(anonymous_3)
FNDA:2,(anonymous_4)
FNDA:2,(anonymous_5)
FNDA:2,(anonymous_6)
FNDA:0,(anonymous_7)
FNDA:0,(anonymous_8)
FNDA:0,(anonymous_9)
FNDA:2,(anonymous_10)
FNDA:0,(anonymous_11)
FNDA:0,(anonymous_12)
FNDA:0,cleanup
FNDA:2,(anonymous_14)
FNDA:0,(anonymous_15)
FNDA:0,(anonymous_16)
FNDA:0,cleanup
FNDA:2,(anonymous_18)
DA:18,1
DA:19,2
DA:25,2
DA:26,2
DA:27,2
DA:28,2
DA:29,2
DA:31,2
DA:32,2
DA:33,0
DA:34,0
DA:36,2
DA:37,2
DA:38,2
DA:40,2
DA:41,2
DA:43,2
DA:44,2
DA:45,0
DA:46,0
DA:49,2
DA:50,2
DA:52,2
DA:53,0
DA:57,2
DA:58,0
DA:59,0
DA:60,0
DA:61,0
DA:66,2
DA:67,2
DA:68,2
DA:69,2
DA:70,0
DA:71,0
DA:72,0
DA:73,0
DA:74,0
DA:78,2
DA:79,2
DA:80,0
DA:84,2
DA:85,2
DA:86,2
DA:87,2
DA:88,2
DA:89,2
DA:90,2
DA:91,2
DA:92,0
DA:93,0
DA:94,0
DA:95,0
DA:100,0
DA:101,2
DA:102,0
DA:106,2
DA:107,2
DA:110,2
LF:59
LH:38
BRDA:38,0,0,0
BRDA:38,0,1,2
BRDA:41,1,0,0
BRDA:41,1,1,2
BRDA:44,2,0,0
BRDA:44,2,1,2
BRDA:58,3,0,0
BRDA:58,3,1,0
BRDA:61,4,0,0
BRDA:61,4,1,0
BRDA:69,5,0,0
BRDA:69,5,1,2
BRDA:70,6,0,0
BRDA:70,6,1,0
BRDA:73,7,0,0
BRDA:73,7,1,0
BRDA:87,8,0,2
BRDA:87,8,1,0
BRDA:89,9,0,2
BRDA:89,9,1,0
BRDA:92,10,0,0
BRDA:92,10,1,0
BRDA:107,11,0,2
BRDA:107,11,1,0
BRF:24
BRH:7
end_of_record
TN:
SF:src\components\LoginForm.js
FN:9,(anonymous_0)
FN:14,(anonymous_1)
FN:26,(anonymous_2)
FN:31,(anonymous_3)
FN:37,(anonymous_4)
FN:40,(anonymous_5)
FN:52,(anonymous_6)
FN:63,(anonymous_7)
FNF:8
FNH:6
FNDA:9,(anonymous_0)
FNDA:2,(anonymous_1)
FNDA:2,(anonymous_2)
FNDA:2,(anonymous_3)
FNDA:2,(anonymous_4)
FNDA:2,(anonymous_5)
FNDA:0,(anonymous_6)
FNDA:0,(anonymous_7)
DA:9,1
DA:10,9
DA:11,9
DA:12,9
DA:14,9
DA:15,2
DA:16,2
DA:19,9
DA:26,2
DA:31,2
DA:37,2
DA:40,2
DA:53,0
DA:64,0
DA:77,1
LF:15
LH:13
BRDA:16,0,0,1
BRDA:16,0,1,1
BRF:2
BRH:2
end_of_record
TN:
SF:src\components\Map.js
FN:8,(anonymous_0)
FN:14,(anonymous_1)
FN:15,(anonymous_2)
FN:60,(anonymous_3)
FN:79,(anonymous_4)
FNF:5
FNH:3
FNDA:2,(anonymous_0)
FNDA:2,(anonymous_1)
FNDA:2,(anonymous_2)
FNDA:0,(anonymous_3)
FNDA:0,(anonymous_4)
DA:7,1
DA:12,2
DA:14,2
DA:16,2
DA:17,0
DA:29,2
DA:61,0
DA:80,0
DA:81,0
DA:98,1
LF:10
LH:6
BRDA:16,0,0,0
BRDA:16,0,1,2
BRDA:38,1,0,2
BRDA:38,1,1,0
BRDA:46,2,0,2
BRDA:46,2,1,0
BRDA:71,3,0,2
BRDA:71,3,1,0
BRDA:80,4,0,0
BRDA:80,4,1,0
BRF:10
BRH:4
end_of_record
TN:
SF:src\components\UserInfo.js
FN:9,(anonymous_0)
FN:14,(anonymous_1)
FN:24,(anonymous_2)
FNF:3
FNH:2
FNDA:2,(anonymous_0)
FNDA:0,(anonymous_1)
FNDA:1,(anonymous_2)
DA:9,1
DA:10,2
DA:14,0
DA:25,1
DA:26,1
DA:27,1
DA:36,1
LF:7
LH:6
BRDA:17,0,0,2
BRDA:17,0,1,0
BRF:2
BRH:1
end_of_record
